-66.043641567 -38.695241211 -14.769388898 -22.201607549 -17.947048199 -21.580666549 -19.578507783 15.570708941 8.500431025 -17.934205421
-47.425542351 -23.604452429 -24.395315355 -4.322517365 13.169399769 5.460123571 -27.110413476 -13.618125356 -0.075375180 -37.484243011
4.471939376 78.991485420 -25.896760730 -37.984142922 8.012769049 -28.226143151 -40.497826498 18.447890574 -7.972288506 13.942933144
-40.175286538 -25.553916994 -23.584039252 -3.220851143 7.215640861 11.211164306 -19.317526024 -22.193036590 -3.058002157 -29.667386143
-50.142634677 1.992966122 35.760067731 24.062397929 10.460358954 30.734404154 15.168178832 60.849636563 -17.726441732 19.202668651
-67.879013486 -8.271362644 -8.941123962 6.219443243 1.291977502 4.784760558 -4.038103456 40.372838964 -11.944861442 -2.416185304
-8.436585564 -42.086582128 29.274394651 -46.236375061 -31.900591094 -36.935859393 12.009479523 -2.555546889 -6.604624437 5.834666168
33.414466585 -7.009346055 -36.591158136 -17.060363028 26.783380411 54.619220516 8.182247694 -16.184706482 46.476252757 45.740604102
-11.097423712 59.530373146 14.947268293 83.135715019 -21.686389490 -12.427203667 34.096284358 -12.313982143 -21.171090725 7.312060182
84.271511949 -21.799182327 -25.582749744 -39.708628146 13.508398900 41.039919150 10.982518686 -4.095226972 26.435435170 9.559478478
-35.551320419 -7.297061044 39.644146913 34.740685570 18.725101963 -14.254617075 6.488372413 38.886003038 -19.747546986 -2.345423965
-38.983604624 64.966961967 -0.541803503 93.928138692 -33.406619588 -27.797634828 11.835026209 -19.104483168 10.940572190 -5.237702589
-40.044768298 -6.108910970 11.970306347 3.405777554 -2.159763654 25.067804711 2.595987245 44.899002988 -15.499251771 10.922667665
55.535303208 51.051023795 -15.016345464 -37.087589367 -16.070948361 4.896295764 -3.739683727 -9.608508726 20.836504729 3.573361434
-41.315448275 -12.231495124 -44.051290087 17.237819606 -12.609553356 46.043934599 -9.196827144 -35.412346859 -21.715913229 10.636386508
-70.365519118 -25.242856738 38.745234029 -22.451807395 -22.789967584 -4.551046901 4.423038935 -6.230555973 -17.284666449 5.168201208
-20.399228247 -26.597704539 -39.721256251 33.522805142 -30.767090848 -27.209163742 -22.815347985 2.488307971 30.138277311 -18.095958475
-15.498520878 48.689302207 12.398351635 -34.117961624 17.673775756 10.652349385 32.018437738 -17.232656216 -2.234663538 -29.000166456
-35.232119080 38.139928682 8.304870083 -19.436153265 -0.277574659 -12.764692073 -0.841744722 -10.300488471 -17.914811494 -21.740213352
2.845485521 -28.035601173 2.257636872 11.035952534 -27.889969025 -27.448032174 36.668950623 -3.959807172 3.858929501 26.252880505
-65.816372792 -23.161397833 -40.115762646 10.464862935 -6.259681354 44.805417127 -10.331022988 -30.086095096 -26.635040478 17.827445045
-60.219403900 -29.795004567 -18.827130222 19.395298428 15.366687050 -19.764908564 5.652417081 18.739376761 15.049917649 -30.494489485
-93.539123960 1.130827855 80.405536490 23.025776010 21.206433170 2.950564994 -38.405348096 -4.661851949 18.750756440 1.038531807
-60.258774297 26.263898497 102.062848263 42.666024722 5.180674431 2.154638313 -63.401558779 -14.412866169 61.228364712 14.494569269
-15.991276562 -23.407205130 -6.983565334 31.128990963 24.422500419 -4.068436899 53.908567559 -38.366089200 31.737054752 30.862102097
-22.609506533 -10.492236171 -47.634548065 -16.528590458 -11.906445656 6.939298356 -20.743876680 0.108513687 -2.106035962 -7.661329968
-64.451053374 18.782926177 97.034920268 23.807710669 14.921180113 10.712972872 -36.375757102 -13.764501051 45.607493372 12.162789462
-63.296135296 -48.547441082 12.042815730 -35.865177789 -33.619501458 -24.621647976 -0.969089967 -18.308078363 -4.707296545 8.613103849
-32.878716924 -12.926389653 -39.989825808 -29.735706271 13.060879885 -0.963173469 14.426875904 21.123257884 28.624268214 8.450874739
-79.065432334 -4.948586566 74.402628361 8.999923174 20.259430182 14.902101892 -14.674823825 -13.379928240 2.190196961 -2.486755526
-19.259656541 -12.499894585 -25.308692439 -6.577989984 -6.792941185 41.754190641 -12.359924467 -7.169874683 4.843571998 11.088105156
-15.048973698 75.880594777 -15.754755573 -47.982498279 4.734945630 -18.671058864 -42.590526263 1.898698380 -19.454434701 14.903422109
-20.062679099 -3.162104953 9.239670193 39.861568063 8.003091108 -6.615719950 37.363932930 -4.268471014 6.951646731 -3.590850583
43.551634885 64.963465706 -12.129659699 97.795103391 -59.540903729 -35.340871159 16.702186950 -10.465191406 12.459006320 -6.961563095
13.670627522 -39.073903569 24.460272565 -41.969966464 -37.078518277 -31.881167740 10.396682015 -2.194940203 -6.794755606 8.075185623
-37.594624768 56.946205415 11.596370743 80.548306865 -7.088190211 -10.912997958 41.118323301 -10.270388845 -15.070122554 3.077039699
-38.070397409 -18.029467592 -31.915735191 -0.080918096 -1.865670211 44.857535923 -6.315852181 -23.533016232 -9.796964525 6.477442148
-4.736310646 -37.555663019 12.087969034 -32.941756403 -33.700612271 -13.985335024 15.304486624 -11.734252397 4.637484677 10.228508621
154.434180799 -11.687696436 6.347914678 7.135722206 -26.232633070 10.870447377 -16.287420006 9.869383342 4.040081316 -29.189597088
-8.445040770 -12.690245469 -34.416429401 34.931268104 -7.557591853 -26.281564590 14.229963271 12.778189723 15.188530522 6.691759971
-39.636638153 -26.523385335 -46.319101778 -11.518026257 12.381292517 -1.307716671 -3.401112109 6.443379044 9.242987701 -8.056923447
-43.340335256 -30.906550201 -54.798296088 7.266382054 6.833822222 7.021601933 -8.527876474 13.612586917 11.780895765 -13.668720539
-8.005222994 60.112261077 7.536269354 -37.296239673 9.181047185 -2.868816555 11.093735153 -16.985081170 3.311237886 -26.817291960
34.772039928 -34.871273953 11.070342775 -26.693500356 35.336041540 -0.581143237 17.152637298 -33.282038129 28.989572719 -10.723584437
-80.015278121 21.758187966 102.303128650 41.642285316 0.886541290 1.045332927 -63.112831094 -12.579424175 39.875845295 16.542576487
-18.479427837 52.715544397 -16.119446224 78.328801528 -29.117107050 -29.741165101 19.571939264 -14.653110346 12.642503944 -3.260720166
-82.814504411 -11.338953222 -36.630552525 28.900185216 -21.961777866 50.967544512 -22.091246657 -31.775804173 -33.080917539 17.787780892
-36.479762117 53.343673591 29.653935645 -21.015110460 3.860322765 -3.493224570 -2.337569079 -14.122154604 -6.330319181 -30.400176781
-45.548448343 -29.644067424 4.921438472 -36.542944767 -28.938133708 -17.710484088 8.456505996 -25.589744146 0.652505345 20.698790343
29.746258120 -11.855689491 19.240026786 -13.101263865 -1.742361457 35.762819758 36.004021013 14.550074607 -1.192281293 16.584746889
157.091887154 -11.606598250 6.834946677 6.473622117 -25.908224551 12.112124541 -16.279698723 9.697329967 5.649547896 -31.435313811
-22.679178553 57.591705044 4.076805557 -24.983304592 12.347399231 -1.562621970 10.078103715 -8.102273672 -9.736294681 -12.331565448
-53.193975302 -26.528440135 -17.080986735 11.707049664 18.774019104 28.842551228 1.954888271 -31.434831995 1.476314385 -31.442604521
235.579280371 -11.550059047 13.596499358 28.895079112 -41.603915288 6.359788329 -29.674676978 9.966437367 -5.700919630 -11.020019292
-27.268234270 -17.341898200 -45.852184156 1.692793172 1.852474647 8.164377133 1.327321217 26.309993580 18.385908845 0.783237658
-98.796465236 -1.993298262 82.889932255 19.463323651 23.581967910 10.853068088 -33.463970878 -12.043334421 17.298263399 2.109260836
-17.290265560 -28.202697715 -38.785214232 -9.401930602 -7.576341416 -22.698854377 -0.083820532 19.273010165 26.390681174 -5.882816439
195.853849256 25.304314437 37.680283458 43.100794536 -92.125012315 21.944719115 18.131494692 20.847056568 -34.112351572 19.617927435
-55.294807765 -12.506094200 -10.664337823 7.706499553 11.570755104 28.292747566 16.383468900 37.225582874 -5.591018449 11.064953872
-27.814560542 -7.238101679 -27.370060471 0.517855290 -2.680151013 27.998754937 -22.532088337 -10.343633458 -7.450940283 6.820155758
23.493237023 -27.623098754 -29.560680559 -14.953362199 14.177997049 19.807795879 -7.460416124 6.692770616 19.415597431 -12.166012496
-80.283526927 20.773808042 105.017779654 32.877372980 15.060374975 12.172232683 -53.846939131 -16.704389671 55.257607413 7.237099434
-53.960098652 -39.446566503 -31.304853988 0.195132835 -17.360420498 -29.909973667 -10.840813636 14.921887083 12.967210975 -18.647677830
8.209727711 73.940892871 -20.777546675 -40.525175586 0.044521170 -13.664880510 -25.905094273 0.036516284 -14.950072700 12.071609425
222.466428818 -10.151639509 11.566598566 35.857452663 -41.139820873 4.246195387 -31.770146361 11.261655089 -6.096653059 -7.487056447
-76.432487929 -23.526307706 7.184563963 24.870418007 16.074687537 -6.243544426 1.656647387 35.867497919 -12.323417522 -6.710117692
47.990317061 -56.412636247 -4.807906651 5.923149987 98.310467398 -38.776181104 -3.035075673 -29.103214973 -27.344797041 25.864972885
129.231112547 -31.949319377 -1.450659104 -14.604270534 12.483353430 39.372271966 -4.107813041 -18.942197532 7.962203011 -8.724893638
-45.514842865 -18.081813220 -38.531493477 18.800334824 -8.258363253 41.217078641 0.358528648 -21.712951955 -14.846829221 17.598699742
-16.424656835 55.273758237 -15.130663519 86.776541426 -36.537956754 -31.256205028 14.116701654 -17.277575408 7.687074235 -3.643039617
35.047154937 89.395498525 -48.309444816 -42.862930251 2.772040625 -29.478744942 -43.624159077 16.781738281 3.680648596 41.931881382
-63.333687587 1.884737969 10.753216737 10.849543311 24.423986804 25.827010989 11.583323510 54.822925944 -19.426151694 16.849295854
-24.251076463 -40.116806392 28.913925044 -43.106051654 -20.103921582 -32.546208674 13.577968974 4.688620165 -2.734097382 6.042493313
-44.603704663 -12.805844770 -19.880206815 10.354527257 3.277889733 51.194013814 -5.866201432 -22.288406616 -7.495697868 12.287652594
-97.199109682 -7.997768241 80.732341285 8.632383333 26.442024435 16.309056449 -25.505461075 -12.327746056 1.650535786 -2.597625555
-41.402279019 -32.083404424 -1.928155715 13.518843078 -45.400467239 -30.541486079 0.703012446 -8.054622479 -0.692458966 4.300366256
58.322245623 42.386539586 44.162137740 -20.266051735 -4.003928954 18.649798863 36.469915804 -12.800991726 0.434678261 -9.143298777
-84.561690134 -8.067764148 76.475951662 22.807073285 8.558632534 15.112877135 -22.625114797 -16.362787695 -10.981928926 1.795474553
-46.928671745 -14.983786162 -31.567450705 -10.657250225 -10.757728654 -4.816867602 -4.948712822 15.653266246 8.067506536 3.755471715
-30.600147057 -35.157590094 39.727537200 -39.938045648 -26.814141270 -27.354261800 12.838181006 2.774819493 -11.371903092 5.706603759
-40.630019023 49.548073625 6.417036216 -21.346586142 3.147402003 -3.107239396 9.210391552 -24.957492676 -23.540367258 -25.839705397
-39.140772506 56.746274873 -15.249656107 -33.938246172 28.768568929 2.525571073 9.229587196 -7.355141820 6.257575114 -6.174974430
-4.098201246 -37.608746440 1.575683261 -12.476777415 -45.769720953 -39.142675713 -12.883950722 1.515950350 0.806833926 1.218112019
-48.078878024 -17.268338729 11.880317856 52.301822091 40.523979281 -18.908838440 43.710381975 -11.869792090 7.614697017 15.304142964
-54.806644254 -24.404574985 -23.195511322 -24.072768497 -4.726332401 13.405021584 -11.317027094 19.599973080 3.641254753 -0.235900712
-45.380375245 0.064869486 4.060752483 -10.493954711 -18.146373904 6.698447859 -8.483727663 1.741946240 -8.482527001 -0.079968600
-79.253209637 -18.567139280 31.908385740 -12.475466439 -27.398653560 -18.502753061 -3.181749905 -6.924037634 -19.966272923 25.933261742
193.699763856 -18.287542350 1.494825300 22.588055332 -29.152974235 -0.088170642 -26.925989617 7.438851147 -1.259780518 -10.690979390
-30.097472983 49.612699317 11.231367457 4.751174138 24.222412451 3.860738716 35.524894508 -5.340163354 2.397528328 -20.037437863
79.568585503 -39.524330347 -18.910923962 13.015930772 43.390913351 -14.399229900 -11.409227007 -9.478815527 -11.851217472 -5.300532087
-73.178525156 -15.353409447 -58.731678613 26.764311555 -15.787948943 45.623038153 -24.862964842 -29.595242026 -26.799329013 12.679120592
-28.018565976 -40.797634298 14.770769185 -27.136761031 -21.273636306 -27.450315618 31.597605451 0.608830608 -0.856284296 9.733703196
177.744219424 -16.344815640 -0.246951325 25.614273051 -28.504948872 9.734474292 -37.271377530 14.453434772 0.916950204 -29.074866780
-25.362861438 10.522993108 17.033513354 18.139432288 2.748700985 30.850097219 22.663661176 53.101806800 -13.803384721 18.790951897
-37.052498318 -9.935673818 -32.414325361 17.521448903 -23.424811289 44.917617644 -11.764973551 -32.175359413 -30.807080953 13.941580519
-100.852113735 -2.881982076 94.722316311 14.778756442 21.029008876 15.356986991 -30.209800470 -13.342539857 -1.774941375 5.137815038
8.054119655 -30.065738744 -4.385297205 -36.542287402 -9.829214230 2.491599134 13.809415732 -1.326418506 2.785451064 0.708151660
29.341337888 48.543498287 14.464997821 -22.113128031 5.461678896 5.673290296 27.897547501 -6.029377853 -2.179097418 -33.782363801
-17.000464494 -13.154448430 -63.003416325 17.940157406 -15.038494125 21.684602396 -9.225174907 -22.541565155 -7.303993324 2.519454637
-65.455261759 -29.766145470 -15.286700203 -18.625198353 1.028861631 8.481168653 5.868532077 -3.437089508 -0.724559258 -2.689546611
-101.820867110 0.181861805 91.042640591 28.798528837 8.634389953 8.584332389 -45.700897500 -19.838141136 10.422981975 12.797372112
-36.092390648 -39.982207740 14.037467810 -38.238233843 -31.771383430 -32.182714280 -5.050147961 5.285258149 -1.055172105 -0.193585874
-19.806942630 37.312259056 19.478853285 -34.196607756 13.157517872 0.254780168 14.112647916 -9.197668367 -18.348036944 -34.000023171
-32.890644858 -23.266778197 -26.524863667 16.532556851 -0.772625166 -15.020618049 -1.025008890 17.864658470 19.612478291 -22.297077598
-48.709638362 -24.201118074 27.282239187 -38.180216789 -17.607736106 -1.611826239 11.365185797 -17.551693739 -0.629153594 13.195541192
200.302209537 -6.688470900 6.192834907 24.873216099 -36.346971879 16.234312778 -20.586539312 11.697327246 4.551922242 -13.959086409
-22.689813996 55.914676288 -14.916237264 -29.567614252 24.829366767 0.897725551 14.740270016 -6.011140699 8.799092749 -1.160298475
60.273440864 -46.212526915 -25.030117619 35.850527800 90.881764288 -50.981904472 -9.149659314 -1.841285784 -21.056083121 17.823957291
-78.587041799 3.202741257 26.918243773 18.639714082 32.282541537 20.339213421 -0.532827429 60.422743938 -15.482085547 13.870947488
-60.893831030 11.711431337 28.933399946 24.738833398 27.984371373 23.584016388 17.507458982 67.728391334 -19.399080758 20.392905770
-69.956243937 -1.207852772 -59.411462627 19.463247179 -21.104582275 29.832527447 -20.424982280 -19.823427233 -21.123551118 14.039337331
7.559550837 -26.377070068 -5.316096685 -16.417970037 21.823386089 -4.639746409 5.722603070 -21.600726046 30.093744569 -18.583108434
44.940628203 -35.625555707 9.872614681 -35.931911962 -31.247018354 -5.660336931 6.885851170 -3.771470642 1.184571668 -0.467169817
-14.794615738 -5.204177046 -43.132927623 -22.550552448 8.878442114 0.107151924 10.357919965 16.190817439 25.350748240 4.655022460
-63.030923347 -15.117416687 28.482088713 12.286498474 4.003767580 -15.644495365 5.089888779 33.789827508 -2.013179591 -25.274678673
-56.686898610 -12.871762513 8.849923597 17.010578639 25.262931744 -12.846082425 5.660276577 17.728907712 0.852521636 -21.474010656
-79.013829763 -20.291169657 -58.849966075 17.449091036 -15.675944120 46.917460344 -22.856936296 -36.882411021 -22.847114106 15.280197397
-20.182036442 18.064188499 -8.176738045 19.293303070 10.868444197 21.529921044 17.043510348 63.939151056 -3.089749395 21.774315753
-2.292767348 -19.048790575 20.809574281 13.732186738 -33.373117428 -19.863627984 38.544824538 -2.159284014 -2.026608975 18.941936364
-49.484645030 18.108118346 17.683977387 25.707590262 17.403552904 28.855761791 6.984362707 67.646374023 -20.150474349 16.006780971
7.588741352 52.059090780 7.196665550 -36.628162230 -0.039368420 -1.552197012 9.666297559 -12.075522811 -10.525512599 -21.685329131
-20.827808953 -24.623622295 -20.293798115 45.774513770 41.510240497 -23.123075291 44.965705657 -22.217596304 22.301269474 23.717265522
-52.357836958 -20.625461217 -40.165759616 -11.791898632 11.315728795 -22.964230403 -16.407139517 10.737198434 12.523684917 -21.941490741
243.325380875 -8.066674565 15.196524687 33.587630939 -53.735952616 5.368045814 -32.003349331 10.033352644 -10.596442966 -9.454374092
-28.200302630 47.497575739 4.432348531 -38.816663372 19.548432885 -7.751601214 23.709689603 -19.717460404 -12.763861045 -22.891942098
-30.699577772 -22.585435125 -22.524943907 3.225230721 6.319789196 12.854059122 -16.067166909 -16.531597881 0.730637640 -36.606835385
-33.602349747 52.322104509 8.913572164 -34.890805969 9.849443262 -19.151569449 10.092665262 -19.498443623 -15.190733062 -24.646818966
45.699130456 88.016864049 -34.752202008 -23.976518156 2.071165334 -19.737498754 -22.398970203 21.234989373 17.880640538 37.496375904
-3.483000621 65.973949752 -28.662785212 -41.076208304 17.469136289 -10.772159004 -4.696109001 -1.920321230 14.954665099 17.077671270
140.804532937 19.972068429 5.426824472 -25.065517013 2.131980547 20.610549617 -10.097656439 4.747895177 -3.034002854 -3.933030457
24.894487852 8.228790032 27.074597625 25.226025541 -4.104646532 26.101446059 31.290460259 53.434894512 -7.886913031 20.714190468
-14.620834647 -8.998873240 -60.665547120 20.787913271 -9.938227815 23.036960200 -1.869456705 -14.839515503 6.064110354 -2.308848413
43.754124915 11.615530173 -34.363048207 -5.427495684 15.046209322 15.563004658 -6.385550076 12.516517263 7.967223733 -21.589768409
-3.964459164 -1.397656739 19.699825827 28.186250886 -4.613188895 18.641603502 14.725425442 50.917156620 -10.210028924 8.377983734
-61.764184105 21.071050797 94.654962987 32.887434319 10.525271557 8.465461583 -44.831467412 -10.505799345 47.221269433 11.801405156
-55.848547112 50.922051372 7.653452206 -52.850976191 31.194041425 -13.566398773 7.807425595 -28.051453312 -2.774296232 -17.356498737
-47.918403191 21.034418591 94.911420730 22.823233525 14.117447192 14.702999757 -39.845357262 -16.097833915 58.246855755 3.575083776
-1.296528366 -22.325762783 -37.804366161 2.796911637 -2.841916413 2.453529576 9.654457676 21.449831346 18.988467498 -12.182221614
-28.088527631 -13.309060768 -0.740154070 -0.143316892 -0.352129658 -1.556872136 4.981672983 13.458971349 8.546713214 -27.365119221
-6.103069711 7.366693734 -36.525607060 -9.606922416 -3.421643013 -0.519745729 -8.335355809 17.160021321 9.766079425 -14.909736833
-18.897121626 47.681935293 6.066965707 -40.064766338 17.702029227 -7.367803294 27.285987970 -19.917884898 -11.628049478 -21.799826462
-31.682114328 -29.905841521 0.663395117 -26.911332757 -25.488251432 -13.010366121 -3.648730713 -10.384755369 -10.393153321 6.446988699
-51.955632227 -23.237455650 -49.028036476 -22.301906068 -19.380292450 -8.834042451 -24.697781068 9.047926374 2.266007246 -13.807394527
-45.234233712 -24.270005919 -27.419543739 -6.040200707 -14.411714088 11.574812526 -20.208707740 -4.333883577 -2.444520920 -5.732533291
-35.393555514 47.381617877 7.032070425 -14.520734922 14.439188618 2.147761900 19.938888815 -15.466803522 -11.819764118 -29.821279560
-16.254124569 64.658440349 -17.139101780 100.735005311 -38.382750340 -27.115783504 17.204938175 -15.675536746 -20.189786866 8.226785810
10.067708907 -31.246893792 44.000221878 -43.601298311 -21.756553889 -16.935068741 20.507554255 1.914348629 -5.189136393 4.038055174
-57.267572095 -26.754577810 19.942350573 -7.000141463 10.179118969 1.324757461 -0.291480202 -1.510719663 -10.961256332 -4.290611334
188.113579795 -4.874413187 3.848371050 25.284316012 -38.696296609 15.561879438 -22.290240488 7.357067539 0.654978614 -18.244057474
-36.716627839 -22.998243566 -39.896788600 7.231555258 -8.499302755 11.697378214 -7.958611044 9.574803099 4.309229931 -10.081037422
-52.456334294 -40.675211136 -33.815629935 1.396742656 7.204578010 -15.168795595 -29.834500694 10.758948546 -1.011793060 -2.998906116
86.394650010 -21.016759576 -10.756139344 0.099787534 4.501327685 17.756948372 11.484992618 -0.869880076 15.741777134 -22.923099277
50.522168874 -22.002444124 -14.759350129 42.502434995 45.272225510 -26.003243634 55.760896603 -16.808827885 20.593468493 32.178219992
-18.141960866 58.168160520 -15.451907795 84.426698520 -28.926298334 -18.413385710 20.595288652 -19.003879884 -21.283413606 4.275388229
-5.455191317 60.477143567 -18.206047900 77.872107474 -20.506608431 -15.123800184 25.232530376 -19.206430797 -9.673479328 1.044597809
-51.383128142 -25.646088097 -19.078309755 -2.031842407 11.361223901 11.816319793 -20.043471860 -20.811834221 -1.509055068 -36.939918486
-39.264359474 -39.188594178 12.812193073 -29.089374151 -19.536877637 -20.282025197 5.794927013 -5.869805558 -6.382814020 0.327823160
-30.684117386 -18.799237417 -15.462890351 55.552463604 -12.065373656 -4.142249005 12.800613341 -1.474253761 -11.910093599 -12.347485487
-9.738718987 64.929333888 -19.053349341 -20.370823359 18.785091769 -7.712537906 12.291421050 -6.744448970 7.480855427 3.710770939
-32.265557357 -13.433827235 -14.949727884 8.214300161 -11.365724854 31.922207254 -0.133016661 -18.466926235 -9.540857355 3.229242185
97.355879273 -10.209287506 -1.239482300 -1.370822713 -6.744796879 30.754868059 1.327577839 -2.059876554 8.368705013 -3.306623679
-64.262851541 -38.317281187 32.050124998 -34.294312365 -34.610843107 -30.715426059 -5.725806572 3.312615314 -6.504614178 8.476664289
-75.959295176 -32.124543294 14.803408742 12.147900125 4.132500803 -18.595182226 -12.593347157 19.167931956 -11.707645346 -11.221746403
-52.811297250 -5.879359452 -27.338741484 -15.133280336 0.962633684 14.841889704 -3.582434398 29.615394421 0.182719234 0.672686524
-78.144307382 -18.386427589 -41.605520507 -3.999738624 -1.792187440 21.422427062 -31.662213369 11.638105196 -0.150174449 9.153066395
130.039001067 -14.091612529 24.143600358 10.392034702 0.888428594 18.930262182 -15.513324713 18.409469883 16.686647061 -19.249188130
37.666550314 84.020447530 -27.218108332 -31.735074607 9.191159878 -27.125950181 -33.023316874 23.432044039 7.017361888 26.473835565
11.413374265 44.068419608 -3.015445953 -23.276829216 23.079349066 3.485276379 29.371315074 -6.532277939 2.187271042 -31.655722446
92.996411837 -47.394113391 -9.792821063 27.369946829 73.478748127 -40.570311481 -34.454348380 -9.985924062 -29.844319844 2.020913438
-25.777170135 -11.036490710 1.773629402 33.787848667 24.424900531 9.416898728 13.438753152 44.134257967 16.801034718 3.018124805
-67.922720491 27.085535761 102.366846518 47.419073139 1.535310393 2.405708873 -66.889872464 -14.759122169 59.000388840 14.159421928
-42.680605826 12.403528528 56.614950280 12.443724303 9.338939045 26.213447131 2.673633130 57.651774849 -30.282368274 14.266651691
-27.517139242 24.532657249 -38.739148876 -3.742251381 2.524811298 6.269756224 2.691782641 16.102540321 -3.811979647 -6.507573089
-27.204496622 29.374800860 -19.804432817 1.399141337 -5.857937218 15.032938534 1.539972869 17.902611358 -17.902816300 -4.345228245
8.435260095 78.725711539 -37.428801173 -43.692694714 1.597635241 -17.600833066 -34.228414551 4.506244246 -7.989254625 23.439594791
-46.979441417 -53.811951513 10.368793094 -49.422326241 -23.812239817 -19.841531960 2.319440716 -15.459792848 -5.465441081 4.528230621
234.471149046 -12.174613987 12.128724130 32.057871982 -46.747712762 2.279718922 -30.906056592 5.619904895 -10.781249591 -5.567080981
-46.696172130 -8.984524118 9.084210268 13.561352141 -45.307704829 1.795584873 -16.808613730 -6.695657409 -17.148227415 1.241799554
21.569357806 -25.422346745 -30.154987243 -13.092571785 10.048662642 17.754330429 -7.909143952 6.102841952 17.389242340 -11.564969396
36.884809151 -6.422506421 -35.955282727 -19.299100660 28.351406167 58.659783486 8.524791204 -17.611865085 46.217349131 47.722436163
-36.667846757 -1.032331095 -59.852093404 25.343035178 -19.735283181 28.946734279 -9.927184403 -32.428337254 -8.352168679 2.120075008
12.165633590 83.101948477 -27.698918883 -44.155954673 7.713459207 -26.414087780 -39.335094479 20.635781931 -8.330712475 24.408510200
-22.004035346 64.142793569 -13.518028873 92.902761441 -38.229133174 -37.798118693 10.515504961 -20.823243665 22.462364341 -3.916334343
185.673217110 -13.638189105 14.192199048 7.827300477 -16.461230725 14.624437690 2.521256418 0.155961694 11.165433629 -4.101998639
-60.834205502 -11.729123507 -45.496830763 21.937340042 -14.090842719 50.454715236 -15.664588766 -37.041671853 -21.156897460 10.091275552
166.563090909 -28.764764857 12.704892653 -31.277761414 8.742748005 73.362491891 15.391984285 -28.840167356 26.013415527 14.513634166
39.616017417 -51.503874771 -19.867782952 24.595368533 90.379059476 -55.167977295 -21.223246036 -11.832394066 -33.055401351 13.688493150
14.559509433 -28.629598010 46.791911934 -42.658854986 -29.527533797 -19.831797072 20.855504532 -0.013388342 -9.585451683 6.227409563
-63.890275289 -18.454211404 26.618304627 4.033464228 4.542193702 26.668672263 -4.232674543 32.108909455 -17.468612218 12.612719436
-14.975157008 61.238347786 -23.336201566 -15.793611268 22.424812479 -6.121871854 17.543109254 -6.594359561 11.469429687 3.130379599
-32.748546741 -40.036313426 32.585112686 -43.141790562 -25.435633980 -33.577978777 13.383614202 1.085377033 -8.570671570 4.105233190
-24.997587521 -19.040982988 -39.736857413 -3.285599613 4.715281033 -0.735133668 6.779213289 13.582063197 23.039888597 -16.704663319
-25.898103195 -30.339106464 52.852598648 -43.464428824 -34.282822745 -24.775838646 8.410735244 1.458324205 -16.655814800 9.341468236
17.879330352 73.399506325 -30.174503814 -40.407182049 -5.514334378 -17.557377067 -33.059479238 1.144960080 -11.904891341 17.538485995
-40.569144411 25.155188343 96.536741527 31.988043750 4.886812420 2.162684480 -61.704003598 -10.041128512 56.154887657 9.925666286
-76.285559710 -11.424718271 -44.444572221 35.228637048 -13.914319022 41.505940370 -14.390594419 -14.188372100 -19.750655384 21.666931306
-13.070250918 -11.021065262 -40.782698042 -5.737462512 14.752860282 2.985428138 21.093754214 0.031768511 19.371500286 3.368682490
-48.931795464 -13.038309913 -56.939568145 -0.003286422 15.654115582 -6.032818629 6.098480354 6.610525056 10.399931114 -1.907764049
-57.717938154 19.131066896 101.337576767 22.528604602 11.681988818 12.718687424 -38.151618377 -16.900309889 46.997798783 11.746623085
-24.727418532 -7.866702158 -34.359077962 11.148550106 -13.574557662 42.676258366 -1.889424240 -27.031007473 -12.587831337 5.645723715
80.536989269 -28.495030953 -7.046318363 11.051741993 28.124905259 -3.787694986 -15.003708256 0.799276048 0.037089229 -20.870242080
34.755917203 -55.413936458 -16.559071545 20.168305052 92.736822780 -54.221991287 -22.794648816 -17.270389774 -36.439453201 18.843710276
-67.478993559 19.472060612 102.525999677 23.293900236 14.574861268 11.931735358 -49.792998236 -19.132163087 50.570320394 7.289952478
95.571119455 65.688927983 -30.091334405 -40.414183322 -7.127330402 -16.087326256 -31.734747761 9.740527933 -1.109337846 31.195928413
-55.428545663 -49.903664483 -0.255491287 -32.657813556 -21.469901650 -18.336545928 -2.691924397 -9.047898945 -0.380452758 -4.359022173
-29.040503158 -39.668549506 -27.425923889 -0.948110697 -22.290727073 -27.186012605 -1.194374839 15.301572503 13.279011441 -13.708355663
-40.640240493 56.823954650 6.507368054 -34.282880345 8.200349937 -23.032216698 -4.805104832 -19.761579173 -8.581798220 -18.581671525
-56.129101430 -12.477815132 4.124451578 -2.799140136 -6.610719705 30.932227665 -1.258400593 14.592373160 -10.478587038 6.910373967
-80.424165329 -5.066154045 92.306762926 2.981123486 23.559359694 12.365489071 -28.181340511 -7.479386863 -5.846703533 -0.602611418
-35.775908713 -1.813625663 -5.464242103 27.920682358 6.131226448 22.186083122 19.143598345 59.832574245 -5.155976223 17.735930904
-24.375812705 -16.950103314 -12.878169874 8.585454680 -6.771684361 7.104452301 22.444526085 17.992030708 9.257628090 1.407237285
59.268743112 -13.125755305 1.807799296 47.502777647 42.034388186 -32.632586935 71.336392625 -18.548485590 30.110836261 40.299385158
-41.940313064 58.366791707 -13.246080954 92.137009751 -33.180715099 -28.917799052 7.547681720 -13.183569442 21.320535626 2.079037619
-37.947929256 -39.354876424 -28.999940227 17.685104987 -23.715020412 -30.385203951 -6.076852828 11.882395784 6.004715078 -17.762374241
-36.968679754 -21.118210203 -20.269227015 6.422251646 3.165022272 7.744798165 -16.954758329 -15.352590778 -5.743534535 -32.703871072
-74.340080579 -7.456587707 78.285932698 15.156881674 7.568633043 12.501905609 -28.130501664 -13.584777259 -11.452426236 2.142150338
-6.089168163 -25.744881666 -5.234148382 -32.253046874 -12.459562911 -8.846488919 26.296010253 -6.060271904 6.245266130 17.088026701
-18.132085917 -24.931351946 -15.539604720 48.828060186 39.912941977 -33.840152951 34.489798271 -22.145687522 5.540418261 18.763348655
-35.397941698 -9.956209087 -39.245060443 10.205706147 -5.696239074 51.686094546 1.216773559 -34.807572554 -7.093327871 13.115289946
55.983092833 86.558701659 -31.547355023 -15.658474579 -7.217174670 -21.835312969 -16.106714913 17.621400937 20.980346393 27.677762772
61.006974715 31.338538271 42.270206730 -3.590838281 9.606565357 11.655762424 16.332631080 -9.606042197 6.157179208 3.940117068
56.339664493 17.109817459 -3.149614825 -17.130159758 20.156923299 19.736880482 16.666845764 14.905212238 5.402548432 -14.541188646
-22.496724406 55.352679296 -22.094229198 93.411835356 -37.939068288 -36.405761724 10.214717631 -19.626726890 12.642377519 -1.526397898
-20.399228247 -26.597704539 -39.721256251 33.522805142 -30.767090848 -27.209163742 -22.815347985 2.488307971 30.138277311 -18.095958475
-65.669513930 -31.288400000 8.450152789 -7.325051142 -12.256921272 -3.746097106 -4.596014526 6.887535385 -1.530668753 -22.217795532
-60.513818977 -28.217683356 11.005606882 18.930066417 24.824472477 -13.028387251 -2.296724736 20.442633251 -13.893590336 -12.386713449
136.823227426 -10.875595501 31.702434017 14.416838005 -0.643651972 18.119058407 -17.305834868 23.504978345 16.371248744 -19.675492017
-36.375483191 58.504614423 -20.728264416 94.481346302 -30.342999933 -38.612226073 13.811237522 -16.679480564 20.238578109 -2.659003731
25.788635069 -8.639850747 -37.361805957 -4.092540685 7.353958558 6.755754615 32.922921839 18.268862992 33.233887472 2.212432812
-68.633783920 -18.589644130 -25.716612318 20.252222433 -3.009041674 -5.553909141 -4.586855362 10.018937449 7.753747909 -28.946693892
-45.620707982 -21.443815766 8.440176916 -36.173137251 -15.641193032 -6.697993063 14.187563197 -12.347094346 2.636200827 15.630751287
37.648393484 -30.322964360 -25.024701340 -34.221281654 22.456998670 71.265292225 12.793660751 -45.143584615 31.312813677 17.808492461
121.589695303 -40.750441256 -4.565262232 18.852541260 54.057401924 -28.588200683 -17.675141190 -14.213116270 -28.330615706 3.880626506
-29.661869900 -25.622728278 -13.988071474 2.570975724 19.208081988 6.763652960 -6.630959279 -15.450796531 5.031531740 -26.585510074
-46.270555804 3.534443168 37.946157852 6.693922572 10.784754370 28.812919263 2.625986709 53.118020612 -22.765401846 15.390009230
-22.189633136 -37.535621234 -33.484513333 -10.067884643 -10.938076646 -27.922786969 -10.647322105 18.964787225 21.100180193 -23.523910606
-59.524786459 -11.506366429 -58.406528945 31.221065240 -17.129483848 44.736030124 -13.092686683 -30.039268511 -21.583174649 15.704794623
6.642700741 75.629788729 -17.863507559 -36.530255891 12.119766363 -21.889640218 -29.000535410 16.688706857 -7.575321632 5.630197473
14.341409774 55.285566530 25.020551164 -24.874579999 -3.684567587 -2.493538757 3.592475500 -5.868420575 -17.403615439 -26.763794732
-58.097374714 -46.819587311 -0.815613995 -36.725296340 -23.993666796 -20.119147702 -4.944574617 -9.406138078 -0.108046791 -10.235775260
-58.901228297 -33.207575285 -5.892936426 15.844459397 -46.229068249 -32.655800680 2.392376813 -11.281503042 2.991393066 8.223334883
-83.778783885 -39.564084446 27.285690544 -27.777245395 -26.299761193 -18.751819441 -11.975088356 -2.377213572 -13.489934128 5.839783288
-9.016119047 52.236323660 4.514878545 -6.153250721 3.319798103 5.126241821 15.562742123 -10.053936207 -16.107648954 -18.202687888
-44.711667946 -23.908139639 -53.599216495 13.447331426 0.998534846 -13.759507047 3.189950582 11.538462488 14.838202166 -9.475036208
81.013071376 -28.662939860 14.523000667 -77.101986528 -4.548267992 16.054200149 56.591695436 -16.766350923 30.681184937 60.800133166
4.776938376 77.004729933 -34.338062475 -38.343905550 0.023143757 -16.512558006 -34.617745494 -1.098337155 -10.280986033 20.206060056
164.848969573 -35.391353693 7.726630083 28.903597380 41.250626735 -32.954250214 -22.631033527 -16.063498714 -31.167688715 11.793673452
-30.412793280 48.566755202 3.745721771 -39.717594835 14.276247119 -7.682781775 8.299222190 -20.318378252 -12.476589088 -21.062811333
143.895938437 -4.969371926 19.468723409 4.235202396 -22.561391969 27.605430908 -11.697184356 -3.677882286 -7.674443256 -4.496983838
15.596334559 52.621842246 15.430127661 -9.098183406 7.647918054 9.134510261 35.952165426 -5.805204441 -2.228485487 -27.943910860
-85.228368328 -5.207076649 -19.624895610 8.518423718 7.750486111 23.659717654 0.892288514 41.265547174 -13.581946388 4.653007273
28.916822978 64.085912028 -32.503326147 -28.509773709 -4.591881471 -5.773995108 -14.753542201 -2.235147309 -3.819639205 14.080513774
-31.421549133 21.028008957 -44.633927732 9.038807597 5.107282829 5.595909446 8.550509393 8.699980512 3.234499917 -11.757506985
-45.530619230 -37.783914804 -45.384251372 -22.495871124 9.363280886 -12.962583808 -7.844301956 2.822300893 23.701258384 -20.195130461
-40.122256813 56.670247747 1.377875166 5.061534076 -2.680607562 -7.927398132 8.120685177 -26.168800795 -2.102737016 -15.997168317
131.967128160 27.427042500 34.071875421 2.128183644 -20.307224057 20.055425058 25.716117432 2.168739797 -18.171113726 -1.613072552
9.265569828 64.660478154 -6.639868290 -34.825753807 0.470692738 -4.717055144 -12.580332189 -1.349740909 -16.174996241 1.565423019
134.247807724 -40.378454097 1.268453261 23.561300671 58.193790012 -36.381588794 -22.236716867 -13.320960635 -29.600150256 10.739916425
-47.675430724 4.231510620 -3.660840280 22.613290938 1.604262234 19.306158786 -0.559345655 51.802623697 -17.179164750 9.112279738
-33.336276061 -10.176044222 -4.699688786 50.779029526 -5.884275103 -23.193176170 15.075494742 14.377523020 2.599515912 -6.943345168
-26.385072961 -40.103275592 33.726204019 -44.836898036 -31.705851475 -35.550031123 14.714172357 -2.158069153 -9.525252932 6.988906755
-84.784108791 -12.477840797 -62.745626827 25.575671249 -11.774195186 41.407839076 -21.719635803 -27.748000622 -21.102238034 19.213652047
-4.568844379 41.987457120 -0.942770221 -33.196065812 17.031830842 6.282780252 33.571012292 -10.814746263 -1.770952243 -20.398286922
-55.642678603 8.607127161 -34.450815665 -0.261978135 -2.083759907 12.824666896 -5.371527442 29.175648738 -10.513766201 1.911693963
61.716972679 57.851884129 -8.719413460 -28.575528044 -5.524595883 -0.652682396 -20.655678375 -3.477616138 6.421547393 11.455338928
-41.712959758 39.536253743 76.155637240 -12.563306699 18.033393689 8.263491991 -0.074313071 -6.299963999 -31.113174288 -4.495085296
-54.570052056 -31.116440801 -6.625510442 -23.249437249 -28.158685472 -18.119092527 -3.272328664 -18.202218004 -7.300432189 16.371473635
-98.307029347 -7.844382485 68.657393740 19.353435695 28.038217278 11.340214697 -28.193978730 -3.263981769 6.024857769 -4.922378695
-57.630030931 -9.555445851 15.585454865 10.043370429 13.534653909 33.235299935 19.342695405 48.765337816 -12.226036236 18.221150855
-55.180521236 25.486635761 100.341415915 37.481026879 6.420634172 5.780400183 -65.224831479 -12.269546092 59.618473110 13.845942518
109.445273571 4.729505887 28.827110401 16.879264606 -29.684869871 28.989347767 49.134489867 22.358646915 -3.253876352 22.539694382
259.966738766 9.137985679 56.399700327 24.962701922 -75.203435382 2.090900237 -20.284402200 0.822586051 -26.784248068 34.970653916
-41.181687542 41.846116227 2.953601326 -32.932978274 22.409926309 -3.871351926 28.122264173 -12.382452032 -0.766265648 -25.563435812
-70.965357502 -23.211330428 -13.203886688 -8.582726430 -9.998788105 9.798096954 -17.197904539 28.794197431 -3.276250900 0.539763936
-29.260116922 -14.526316006 -5.843978786 46.850087610 -4.197319548 -25.120091005 16.056056874 26.616976334 2.934515628 -12.111646159
-46.227490101 -39.968785303 -37.371146716 -8.297300244 -5.134201920 -10.168078838 -3.870628089 18.279642309 14.511546042 -17.015100666
-16.919347523 -23.009479305 12.937364148 -45.245987035 -24.573875396 -9.839601517 11.085469775 -18.713486931 3.717744021 15.675765356
-56.860194321 -30.674058019 -11.405556489 -24.984730936 -12.569719009 -16.221350716 -10.161753178 -0.990246827 -1.280791105 -3.559435102
162.872871826 -37.966817403 4.874476291 24.543973076 43.850701848 -22.151043643 -29.118904096 -7.630141117 -23.049674850 3.010117058
62.034015168 -45.154335106 -13.842524851 33.675905235 62.298105186 -51.274607886 -25.969310070 -15.074844378 -38.144689540 18.049561146
101.127973769 -44.908464185 -8.253738612 19.111606963 64.009921747 -30.805876572 -21.394080983 -14.990168314 -29.275786139 2.879045361
-38.331071214 12.191748751 22.358847628 17.191073499 8.380606737 28.726283071 13.491212308 57.503930478 -22.482204605 14.204835681
-5.173358498 -31.604322033 -28.077765844 -13.747149234 -3.897107540 -6.547582455 -11.504340490 -4.697364810 18.495861045 -25.149281532
274.847143889 -5.397878098 25.906807840 45.186892797 -62.797335334 4.827891038 -48.770371192 12.627728959 -20.299990934 -4.377774369
-88.199959003 -12.095881142 -55.498134639 32.839432123 -15.382498339 45.865664248 -25.486897520 -37.565052277 -25.486872467 13.558804992
-84.805811497 -7.429467935 -5.780854490 17.960150902 -23.479835410 44.572353283 -20.557561483 -18.830734871 -31.043018415 23.245111313
-56.909142881 6.129091929 13.832309343 35.969027176 15.915793822 21.080781999 15.359512119 61.841816871 -21.569400115 17.021141133
-46.138630788 -13.804356335 -33.283331766 -16.887700462 -12.469864464 -0.774389445 -17.620247238 11.515984081 3.473800586 -8.604183072
-50.422223614 -7.728175395 -33.021229030 20.754166709 -15.692550270 41.259346048 -7.309804310 -19.229961621 -24.732304383 19.182666698
8.698641530 -29.936970207 -29.328992159 -9.687102322 19.029122500 18.314879347 -0.799355403 -8.658442912 15.363753338 -23.068214726
-40.151153643 -24.218303269 -12.031632327 2.338114873 -10.089113910 -8.316940419 -0.295728633 9.686709474 7.271597073 -19.218588486
-50.375732780 -36.927999794 -13.887928283 -23.540897274 0.410434986 -2.656316382 0.094404937 6.291015560 9.162293322 -6.398322382
-6.894505461 61.492366257 -21.295174305 79.943486235 -22.930438483 -15.146443877 26.487895800 -13.844863910 -12.150213650 3.004877997
3.388056412 78.732789592 -27.466871417 -30.126190417 11.415018198 -16.350896735 -19.232132279 15.713066229 -2.009064509 18.175677922
234.280737136 -11.050876167 16.841860923 33.216297355 -43.736188142 5.102229425 -32.761379492 11.001303532 -10.017322257 -5.372717141
-101.722782760 -5.522659783 89.177038811 11.370536690 28.310467194 17.027770283 -19.929650787 -12.458299558 0.555820672 5.024589661
-0.915501858 -23.449830674 -10.144648021 -34.371853749 8.097576210 47.081273830 6.204562867 -36.821902117 25.337222869 21.190225968
-67.449483143 -11.046739010 -29.774302782 7.721734947 8.903528493 7.556592533 -8.687305996 36.103001888 -2.848193840 -4.898971325
142.258474093 -41.823222013 7.424554929 17.406308647 58.879540344 -28.036620901 -13.927601221 -18.610633352 -27.764454913 8.380170025
261.346663539 7.553840223 56.167257094 21.471384176 -70.710058903 1.474168817 -15.758198047 -0.239547022 -23.246071614 36.552286747
-0.939414978 -2.966264515 -46.537847001 38.273221188 -25.584471837 20.516213590 4.340086496 -25.027977016 -1.897687289 1.417988490
63.808238095 -18.608607127 -0.050886097 -10.262152952 -2.573924781 18.053596215 0.695087365 -21.243332166 -4.324147853 -15.443799076
152.757022434 -40.456672120 -0.230376443 29.795588910 56.471995378 -28.530589455 -11.401762748 -12.549155358 -22.645060097 14.119255211
-94.906291767 0.571960171 81.060589590 18.511395615 30.047629390 7.135731460 -32.215811512 -5.187024241 22.547989240 1.906847704
-9.437562444 62.463371261 -10.406373217 -36.929781777 9.228807198 3.235688726 5.944323352 -13.686762505 11.464691999 -4.077096611
-71.571526159 8.248595570 27.263140500 19.785757640 27.148363879 25.238500115 3.352425230 66.563066857 -23.411612192 17.039342453
-33.415153936 -44.086606034 -4.568341871 -28.682276887 -37.473805190 -38.509907971 -15.768121234 3.893629629 2.925538209 -6.475640661
22.168446085 -22.790639093 20.223307108 -27.042183736 -15.706499626 17.803481550 3.139364356 -11.502064196 -3.291115404 0.864489140
-65.376804415 -10.363973936 1.065930012 -6.695850252 7.835394352 20.605560992 3.550482313 45.066488516 -11.478078309 7.477490804
96.474982032 20.366272392 31.781536425 -13.088399490 14.602651415 27.815530350 28.335509118 1.343888320 -9.255950569 -12.657856426
44.612804140 53.883414584 5.499313648 -12.546799125 5.673801945 0.991981139 23.844483096 2.803483659 4.192835220 -26.690104218
-1.934453681 74.480529424 -28.447217953 -50.030992782 10.578813015 -21.101713245 -36.992992832 9.622206215 -13.536160484 21.025458114
38.843591741 54.197692213 4.647090802 -36.853462879 -3.880628326 7.318899601 12.985386566 -8.111133812 4.977946256 -16.384295799
65.127190957 53.061545596 19.451657434 -19.262080654 -6.716334502 7.901931856 29.951258309 -10.824608290 12.125560155 -28.221038718
71.852961400 80.828438031 -45.563182601 -27.552289725 0.150230256 -17.469090904 -12.027786112 19.071012048 12.404459095 39.864863353
-68.197062609 -35.587308561 -23.820420133 -1.586934196 -16.852624850 -10.450414153 1.028806034 18.094268098 9.304245475 -15.466326604
-40.968419248 1.518635295 0.788145536 23.080454042 5.655801935 16.453664565 8.826220628 60.184849843 -10.350854968 12.399074948
-19.291643435 0.531981719 -8.021236469 11.168698418 3.985790045 20.042060564 14.612457436 52.235515582 1.326475731 11.711642256
-68.772939617 -24.072511822 -1.675900245 -18.841550618 -2.697331990 -3.997460161 -10.699316778 18.662638952 4.993574305 -11.013987203
74.239696540 -44.626168143 -13.415182656 22.125892843 62.556255300 -30.367904361 -13.472535205 -15.065948042 -23.853130100 5.802623271
-4.337818367 -25.369648353 -10.949940315 -36.117296713 10.734091973 46.841881568 6.922321721 -38.752263788 26.964827223 23.120570353
7.352894186 64.176318260 -15.387051100 87.533827045 -39.060194307 -37.396464831 14.909442291 -14.570821228 22.645355312 -4.715673328
80.658590154 -25.630760150 -22.483248870 -11.884457580 9.841261468 23.122672646 -20.875273542 2.993296000 13.496319541 -19.720254304
77.214962520 -48.520283609 -11.264954330 25.011283761 78.421690211 -49.151881533 -24.402574178 -17.674985952 -32.547920030 11.328939395
51.821979311 50.499431116 7.491897625 -2.172238864 -20.906436609 2.240371608 37.705019775 -2.334818162 -13.236569066 -17.262936465
-50.799473788 -28.127658853 -4.905876243 -17.197743515 -19.973331831 -4.848999065 -3.571775714 16.656864758 2.119926409 -6.436235257
21.910995829 -21.230462114 -1.069523220 -3.608015488 16.485399681 21.987659542 2.552765519 -25.391634449 -4.550017105 -22.315514269
-76.381181075 -18.977450825 -0.059297817 34.292908909 -16.569215836 20.144973834 -4.819833755 -10.628755653 -32.796549944 12.255904639
-4.719046567 48.762523363 10.348057658 -53.217128770 19.925832559 13.665871036 20.484746804 -11.988863228 -8.206668604 -7.756271815
-73.131252504 27.699146870 107.100421056 48.463362649 3.856236538 1.821826806 -71.513025696 -15.968288699 62.427414067 16.168896004
131.650880211 -44.206606352 0.443375299 23.685657486 71.215175557 -37.266024569 -15.678491768 -18.634743204 -23.214838714 13.759414235
-45.237961052 -37.843752554 -46.722337819 -17.927640692 10.661475841 -9.443285576 -10.935190869 -0.450289107 22.308467374 -22.780663322
-84.566722594 -18.932477809 -53.105175534 23.830331026 -9.251062746 40.519094397 -23.977706607 -25.232824990 -19.275109112 8.608129458
96.773498582 -7.594909411 -21.305457091 1.960423031 -15.755239177 15.945231639 9.828471263 14.795611925 20.182628235 -2.958877355
101.316456176 -43.305268100 -5.566277454 19.372100303 59.340073430 -27.101240234 -3.694387429 -23.058573440 -26.756833817 10.378990020
113.349494656 -22.287556035 -9.693247872 -11.762713855 -10.053332177 4.061526714 16.680358562 1.787979087 23.099428842 -10.724299837
-68.888902221 -12.419875671 40.698395880 8.033524062 4.894712352 31.606817022 -12.705744508 31.832900200 -21.461970082 14.000969031
-48.873355802 40.202957566 43.005464812 -19.130613205 31.433261953 18.558011104 19.812492135 -2.416530997 -15.134355742 -5.286605973
33.309038982 56.678474671 -10.846799830 -16.385567882 11.665419165 3.600111026 38.919521587 -4.642412576 12.135495900 -13.046893662
-53.793811463 -27.645546285 -39.260965266 -25.266438836 -5.721263244 -21.017544165 -10.321577723 8.073342102 17.938455054 -9.726341284
-73.621688706 -10.049736563 -0.702711940 -6.384452547 -6.263111420 23.329549720 -19.511879551 8.011547661 -12.181404817 9.274360408
-61.631485519 -38.185507320 -33.198574529 -21.709134959 -14.299881084 -14.712389982 -8.882861887 3.372486030 2.248307994 -10.935239715
-45.746673367 -14.878217718 -44.509705726 12.025028000 -10.151652031 37.845110033 -5.026815755 -19.356626234 -10.986576979 12.385649684
-44.324859498 -26.756660999 -41.416531566 -7.849724693 13.355075565 -29.304361104 -19.533622292 18.911364618 15.715527907 -17.823181853
-16.791633279 -29.967400972 -19.066450512 -9.364580481 22.638552853 10.982999284 -3.831257600 -9.563058100 11.107058748 -31.483833094
-32.057877061 -26.191819837 9.018717980 -40.286297530 -26.084408939 -15.754196427 5.703302688 -25.840732043 0.041379365 22.220899420
26.695550280 78.351423864 -41.817600744 -33.897751292 12.694290927 -25.042020027 -26.297461096 17.803567980 2.725018277 18.703065918
50.856763345 -32.646827379 11.570604629 -82.561941918 9.406468791 17.398311777 61.616204569 -20.669124953 37.679032919 63.515898559
-58.340260544 -20.168128932 -20.683218017 -17.911118296 -13.630103651 13.814470210 -15.669677283 17.033863541 -3.179823451 7.358021607
-49.899867145 -29.534690946 -14.266945742 -2.072229267 -8.808441768 -19.519855231 -13.604991375 15.099641103 10.976210193 -24.811719228
22.522740298 -48.423062926 -24.318210522 30.895517045 73.672556012 -35.059942228 -10.846623511 -20.379364487 -21.873730046 5.841652853
-13.548168726 61.600273885 -22.671230606 82.588239901 -25.583816107 -15.319923748 21.992467116 -21.276039020 -11.987619077 3.629372180
-5.468441678 71.583366631 -17.223817867 -0.889816628 31.691186850 -11.230250893 16.425140848 5.909071825 17.316699110 -4.045604467
-32.077466743 48.923234655 2.756231511 -41.678810778 17.515799272 -7.592634442 10.096582902 -21.304972756 -10.280265216 -20.875370756
50.079871140 56.879218573 -38.918417522 -42.265156545 2.706336520 -7.979935238 -36.183128413 7.174339025 -5.533948252 14.791250256
-38.803250167 35.728688602 58.358765822 -4.631165023 15.116112512 15.799369184 6.863971505 -12.829799937 -31.997779863 -2.381638302
-17.673377273 -7.770855227 -21.091104302 -28.928112124 8.782153460 14.110990830 26.576208271 13.957710373 8.796817485 12.889158178
-44.468100254 -31.263844138 -26.173643680 -23.954902641 4.095969659 2.287594248 -14.877143020 1.992166183 3.941612404 -15.611705819
-20.404818320 -19.827355953 15.708288389 -35.124679334 -28.489457102 -13.357246076 13.350069495 -11.237336834 -1.588531271 16.821413514
32.425768909 -8.756914303 -39.862171110 -26.335591320 31.791314755 53.874456484 4.519114059 -15.172210775 50.149393479 57.541045534
-36.109064936 50.885912922 21.559944183 -14.564764083 12.594545375 -1.230605616 8.334770204 -3.316703957 -22.207952649 -25.540546746
37.730638846 64.848856768 -24.876885006 -35.792752224 -7.843785012 -9.159663082 -21.948786261 1.857685196 -14.500760760 12.761464320
105.089673542 -45.936070171 -6.807343508 25.087631897 73.987957215 -38.384034370 -24.396162317 -12.943783980 -26.982481135 7.204479709
-27.805791825 37.587833817 41.945337869 -18.247009626 20.854764224 19.679258316 18.875984015 -2.524403032 -18.992229435 -6.774192625
2.310708832 -37.852628117 32.305616279 -43.459980937 -25.751533484 -30.654774399 14.784460072 1.231036605 -3.648138718 5.575303502
118.505893308 -8.275814359 34.584636929 16.344558021 -1.069376098 18.219461124 -13.225542677 25.219877702 20.722407023 -17.283698919
157.144750589 -32.979761140 9.584153129 14.778076800 50.622380264 -21.137274446 -4.409477596 -10.787968082 -18.001950424 11.054162967
-53.719027729 -1.399028900 1.012652823 52.788407509 53.483955851 -15.690617904 52.289653772 -13.021605731 -2.699224171 20.234077561
-34.656370378 -6.546148201 2.593969616 63.395503246 -9.002226077 -30.773544820 20.029297522 31.717526744 2.231432837 -5.819165726
1.602124028 67.315789111 -13.848413738 -23.493696687 8.855544186 -4.286700058 -3.668657190 8.571562280 -8.705575452 5.626778016
-71.314038984 -9.608236250 -56.250864139 16.545851519 -7.807650974 58.664794063 -12.726903511 -36.567223235 -13.692679178 17.948566404
16.264951984 70.289356072 -28.241369436 -42.906873785 0.635356873 -21.287067142 -37.260589795 6.821215212 -14.269402303 18.807387627
11.175465361 66.107493157 -15.729715390 -1.989324206 27.437034359 -9.091162785 19.229038983 6.623791285 17.619204808 -5.037437616
-40.185507756 -11.749486053 -21.575507934 28.214349211 -19.351705720 36.308141888 -1.903359602 -14.525706626 -24.364239656 0.462413675
-41.779610472 -37.165110551 -38.449672815 4.380133396 0.717528420 -11.464497860 -13.548106668 14.867380495 3.282692292 -16.707017440
36.272049711 -26.553647686 -9.009750870 5.667241041 17.273072408 3.103511747 -10.160846592 18.346451710 17.791239103 -19.384101435
19.189959699 -4.826517173 -19.663832632 -0.595466272 -1.135987080 18.293939901 12.622130535 0.767099871 20.386300404 -3.153427635
10.517200406 -37.095012724 33.718470355 -46.225931575 -31.068070878 -29.925410050 20.479578734 -1.178453128 -6.550703852 5.583397508
-77.618637382 -9.732790231 -69.828824869 37.182371934 -13.856003887 40.963806011 -18.198858026 -36.816221968 -19.994902659 9.578011777
5.033837863 -14.871651407 26.273026491 16.028467104 -38.284950199 -15.991510908 38.267949000 -2.276229677 -6.260502220 20.965798249
13.980649674 77.082571899 -18.178243154 -26.026533448 6.504122278 -16.777102446 -16.588129914 17.886754592 -1.969364163 9.604293107
-49.369461104 -9.174614104 -7.851531892 7.770157389 12.920881816 22.253859849 11.243573368 52.716579264 -2.291139422 10.690718925
-19.768382083 50.089975977 18.677369592 -21.969642460 -2.407486864 -0.018213463 2.348473861 -10.464933242 -27.571551093 -20.530363178
128.748918145 -39.664460853 3.698396641 11.231349293 62.486022459 -23.815248363 -21.192571655 -7.225586157 -19.897427784 4.991106545
58.001816812 -20.657204335 -19.604942427 3.033195108 -2.254323683 15.433183061 -2.162436683 -5.648435487 7.346571567 -18.649517942
64.740063082 -29.861333400 23.943474963 -35.292762381 -26.194115828 1.294140276 11.995171853 0.489581970 -1.001354129 0.867849840
66.235526344 19.871655911 36.076305431 1.525179313 13.194019326 26.803929350 15.269072409 2.320060658 -19.413559798 -26.806631111
70.651428619 -33.348076474 -26.194238143 4.925637961 29.234521479 -8.303093132 -11.024315823 8.334735130 14.159884079 -14.803086954
7.135840857 -30.181287455 45.035643852 -40.179276230 -30.331636441 -21.165995837 16.595561673 0.412052317 -10.724403235 4.086802981
54.273524306 -6.717089348 -38.411435983 -13.827538195 22.992443443 55.709060276 4.648480946 -16.412368330 44.251566906 44.211946061
-47.264482505 -23.602483742 -16.292992496 44.872854693 -4.910170428 -20.129463004 5.780917996 33.664898457 -0.192430824 -5.380307128
-46.124458727 -27.541750988 16.374852252 -42.159583358 -22.999921298 -10.053162804 17.770705186 -21.483536544 -1.280207505 22.834496997
4.049647525 72.147424688 -18.238082794 -30.013498278 4.498627594 -9.534262124 -15.205620753 -3.070884259 -0.364493855 4.624040864
-68.086732289 -48.778242666 14.323258926 -36.444183155 -34.740629133 -26.707761780 -0.508210617 -19.585980707 -1.643897975 11.981167104
-28.087387388 -18.701583970 -10.035645951 4.812584963 26.004866434 18.130956851 -5.020891524 -15.392345147 4.704733998 -37.030322133
187.266595023 -22.991091173 15.669933124 -23.015972859 -6.798747288 67.260170139 7.818495046 -24.270822880 15.971606653 14.634542254
-45.922137936 -48.340858554 -8.384879193 -27.083285859 -34.588334656 -38.277087194 -16.848349713 -3.439955435 4.608160987 -1.856176825
-58.874201292 -49.523024794 -40.688872506 25.073276633 50.967199309 -23.975272035 -0.551405007 8.496712380 -5.267851163 2.538568991
-63.851557622 -7.332561951 12.016508638 27.726659363 14.908193255 27.084302703 18.815745918 38.486856268 -6.252917390 13.965213156
96.458023247 -47.349528909 -6.163106743 25.846288523 81.270960615 -46.620012738 -22.018678648 -14.789588291 -30.644350504 11.906261229
-54.443230722 -23.624470711 -31.576976101 45.130430767 -2.610602676 -25.099742218 14.287422654 -0.206420316 12.190335491 -7.412075052
-36.735948658 -34.236455771 -37.139535432 -9.320079334 -5.685438055 -3.160033838 -1.394431079 11.561178667 13.439219568 -17.600110380
75.573929810 -31.661358156 -23.913941400 6.567271285 21.815010581 -8.827434622 -11.123955249 8.795929455 10.128351564 -13.177922115
-25.248297521 -43.327573549 8.993166221 -31.539542056 -47.831469534 -39.938461089 -10.094988456 -4.064765190 -3.232638941 6.784866658
-23.439423679 -15.542589238 -41.637284757 0.850298802 -11.892094818 -6.178176404 9.778229543 22.844387949 15.782170008 -4.918501084
0.584993705 -22.329871683 -25.361531600 16.726890175 -2.113620390 -8.063880488 -3.967192202 17.392742754 7.419775978 -15.115951811
-26.700612296 45.478633134 -0.159603338 -21.788344357 11.312859437 -7.441697434 2.268644692 -8.608649273 -9.743007189 -15.385594211
3.707602073 49.717570186 17.739432825 1.062651121 8.527454760 3.953496280 34.770567047 -2.356167340 -4.871474602 -18.158123063
-39.567994266 -36.768189417 38.446794336 -39.759102933 -26.992854643 -31.288624301 11.671965414 1.949566114 -11.889694144 6.303658403
1.192792719 82.558233083 -56.473030378 -42.575917428 16.363099860 -24.345373394 -31.663748366 12.766843923 5.894325606 39.403886581
-18.750511502 -34.487549063 -25.014042943 4.114429957 -20.441791735 -21.626263427 0.449883577 9.871449948 12.396025419 -18.119646152
4.193767371 89.697972016 -46.861068481 -38.803325538 8.506874856 -29.464236420 -43.872778882 18.414766019 -3.815826078 33.411521481
-51.394567591 -30.529508224 -48.664843818 -4.765075357 1.699655459 -3.902005204 -0.683922121 23.731835149 9.615276348 -3.218724692
50.691515514 -12.546835802 30.044739455 10.649893244 38.747953145 18.545680410 -9.447478179 33.998457556 33.070373294 -16.862723070
238.750608149 -14.864515540 29.733360589 14.585976194 -22.952295797 15.474357767 -12.657000773 -4.011279796 -0.283733555 -10.345105164
-13.367595819 66.848122092 -19.531998199 103.914237961 -44.063023735 -41.173146400 11.311312877 -13.121977063 19.774931314 -6.336292318
114.327849053 -16.651380959 21.134139375 9.944723851 23.155417697 17.852086574 -12.250550861 26.497319430 27.012619325 -20.533825550
86.453883557 -38.222283086 23.396886457 -79.125054840 10.936555055 19.968747315 74.807871757 -24.471265582 34.115082379 58.116241304
173.203142233 -14.171658211 9.515680321 12.557895317 -40.567503930 6.777856217 -19.659486142 11.995788744 -1.258603580 -18.314235924
-32.463756993 -37.603337156 12.912264469 -31.124635588 -31.376053028 -14.134208517 5.383111874 -11.394153000 -10.392347866 1.708051979
10.739582672 87.539093061 -47.613074490 -52.554170801 14.248012827 -32.631268151 -51.178587363 16.355465025 2.000190147 36.877331784
17.758814946 -18.935547339 -2.936839854 53.643931756 60.301046079 -38.341762024 72.561515599 -18.259628232 31.525988083 40.955100375
19.691072132 -11.875271285 27.591538577 18.555660328 -45.649435800 -17.305190838 34.707026881 -3.681132356 -10.450617907 19.506806478
69.869271515 44.129249971 16.658411451 -31.267821046 -13.079973145 14.099663638 18.691341325 -13.503549224 -10.051381220 -28.328299799
-50.702518850 43.198402794 69.864982964 0.563062609 17.870670768 18.828449778 9.965200890 -8.135969168 -42.257998130 -12.763691635
-31.822042535 -25.053036696 12.193757151 -40.981938593 -26.837282551 -12.489294627 8.165265166 -18.536708422 -3.048169735 24.245779534
-27.298489810 0.887680510 21.767298283 25.878021995 -2.504940092 24.985162538 17.400591391 43.694433459 -10.881034224 17.438338909
-1.102922090 47.860701594 5.113734670 -39.146420835 15.376531840 5.488674680 29.296198473 -13.130678277 0.852736842 -20.536349313
-71.344630976 -16.904355689 -11.133926380 -7.387716625 -11.736562368 6.406875035 -25.447536320 19.616189127 -6.175214541 3.804680633
-26.470366925 -41.631911660 7.536096016 -30.944702467 -30.973858085 -17.653832179 13.127632285 -10.825712996 1.334935339 7.825962959
-14.938480456 53.006288903 1.906854987 -23.084005934 -2.897984235 3.684495173 -13.750539868 -9.558748911 -31.144717359 -10.561608042
-46.841115572 -21.100149910 -55.349914748 25.625484662 -13.154590548 32.197114466 -14.995859258 -18.558507025 -19.296542587 10.833414323
80.997992056 -39.512590665 22.707232925 -82.137950570 13.329229803 16.544199914 74.576041266 -23.338770436 34.336482348 59.778566346
-54.451683227 -3.556868896 27.062087090 15.602730256 1.712067879 31.496336050 9.579723140 44.071070795 -24.989694284 18.619699517
29.782760967 63.708763086 -1.821128469 -20.612195260 16.593351476 3.338846947 30.283617669 -1.032698129 20.298280083 -13.182634859
187.422798220 -11.217559723 2.091846028 28.148981480 -42.309556439 5.855189200 -35.286138200 13.800480772 -7.057588907 -24.017531490
-28.064244346 -22.138801899 -21.364539308 1.188947009 -15.686419077 0.121572190 -11.011538832 -1.778855593 1.363921306 -17.708224540
-31.771957892 -46.239464023 28.035176008 -48.423902963 -21.191787198 -38.058972666 10.361463689 0.527496900 -3.648642291 5.028043695
-54.152583967 3.155026612 1.713097714 -0.953252013 -2.985299674 26.264989948 -6.213187009 40.420882693 -24.971708974 14.087127277
-34.395715540 -9.104500349 -24.557685709 47.028796067 -6.753582461 0.049377787 19.028642384 18.228256978 8.795384800 -20.922714981
19.315837764 -7.715624349 -36.755141807 -8.670730249 9.170029369 7.750440418 21.189545279 23.428118181 33.680932363 5.745726261
-10.640794559 44.899889624 5.573239895 -52.074872089 27.211449989 17.329188765 28.482437448 -16.883841792 -2.478484116 -2.179809277
245.655668706 -11.993971101 32.907856829 -8.191502221 -36.546547253 30.749343093 11.421141240 -12.089188333 -4.884944833 13.704634212
-23.648468817 50.370671882 15.559776107 -11.621163679 18.095719810 11.326447028 36.206361557 -1.302768088 -5.274958800 -18.470104172
22.874937810 50.342417357 -1.465993448 -29.353602663 -3.489829966 2.634857890 11.140215333 -7.884447131 11.089468857 -22.139442246
-24.630586448 -37.343451454 29.965687285 -35.479534579 -31.398401031 -31.112103769 17.670821048 -2.382150847 -10.519283727 4.250966296
47.207779218 -14.159922250 2.961734670 29.215298369 13.644354102 -2.222154360 62.588791401 -46.277621589 33.827954205 38.028912808
27.452000480 14.203628810 -9.242650416 -20.956860075 36.273136444 19.825648328 16.062399957 16.143429370 11.152010331 -16.162711226
-19.607976970 -8.405254292 -64.897626038 36.794774260 -16.954392991 25.989570761 1.472478506 -27.354417660 -10.041629394 10.859767158
-47.798895779 -18.345503289 -0.434761555 62.983360744 -2.997491425 -24.407206726 24.985049929 12.113755896 5.504608687 -4.251739878
4.163745544 -30.476822479 -12.926928338 -11.991818278 24.194968355 20.050566758 3.300401905 -16.403544681 8.206256641 -22.045303038
-72.853857717 -9.181470734 14.877065168 16.689486169 12.052203753 -6.512069198 -4.900234411 8.066824113 2.119822199 -16.167483961
97.826274933 17.465890763 -4.015388270 -8.381217577 -3.095634038 22.673589601 -7.545891435 10.108845172 -3.482505896 -16.877696764
-15.575423847 -37.984717978 33.728882869 -42.566777311 -30.282633139 -35.799907698 10.907822062 2.246724893 -8.212733854 6.835510708
-6.362907143 -33.891934872 -14.327232778 -25.093544851 34.760493303 11.490384423 13.278397831 19.964026319 19.191930881 -10.370257565
-65.573895338 -25.196102467 -2.487015750 12.919157110 3.683391414 -23.891607349 -14.047132531 20.730855584 -0.901175206 -23.976192152
-47.381360611 -39.077950108 13.829056195 -29.306099776 -16.644897676 -21.556194623 7.627378703 -5.705697552 -4.899406837 0.964031884
-47.528187975 -23.339032457 16.240469965 -39.505232288 -15.876924071 -10.794081236 16.266021539 -12.640364012 -0.633520921 14.972706278
15.969015649 31.266634925 23.405357366 13.592132224 7.189656465 14.380339305 30.635587314 0.031035806 3.659998553 -7.169348701
-19.520439277 -30.944279660 -14.034637337 -23.287503811 -19.903119257 -12.129828233 -8.450758646 5.735266737 10.505862286 -19.903591744
-61.933613166 -17.955528956 -5.016528924 30.618816483 6.513276039 -16.316329592 -5.018656719 14.121488040 -7.439888238 -21.084211092
98.969898831 26.040157903 42.853503185 5.549300226 -7.668707627 25.623567390 19.382945045 0.336196694 -26.741874347 -23.716124940
54.824819568 0.408300171 10.875931887 36.752858830 -11.502890381 14.407503874 14.509306199 34.840597764 8.418987776 5.817996732
28.832570735 85.331735715 -25.554264021 -22.982083911 0.459191037 -18.236052442 -27.423301147 16.394817385 18.016691729 25.671586014
41.442424456 86.528770613 -55.151458881 -35.158377188 7.673586915 -32.477304679 -37.367504824 16.196623984 11.985123215 38.867036550
-28.260703657 -27.112795549 -14.288416660 -27.449112129 -12.019909958 0.884879671 6.709826663 3.901229370 1.013354641 0.581022020
-1.624575671 -3.397626824 -39.888114747 36.808490578 -32.540436067 -21.844770121 -6.563993955 0.506889734 35.533221731 0.532236369
7.705426018 -21.614416777 -1.511907930 -0.803771779 16.680936477 13.527556527 -7.916020868 -12.967791791 -2.160431311 -24.629819059
32.938554401 56.477931760 0.367121958 -10.270342614 -8.274274973 0.629010847 26.889294811 -1.074201283 -8.049205925 -19.184481095
-74.849348352 -20.621008168 3.968087932 0.330722971 -15.361890617 -7.244446394 -13.274301348 7.925086144 0.245717098 -6.402383695
28.634611815 75.610851705 -21.257086449 -37.948761368 6.495340003 -16.987446926 -27.220325653 19.139362538 -5.491390268 16.793607921
-40.917188390 4.550361961 10.591596430 27.855405285 25.017681441 24.877388796 26.124551344 59.915006830 -10.391801934 10.944398087
-40.180815782 -17.131155613 44.046290027 1.877562120 5.024701895 11.502347662 4.884095091 20.797985471 -24.110825774 4.757066949
1.995951071 -2.105887040 -34.578522765 -6.740059016 -4.162628890 21.446209657 -12.492514703 10.692826815 4.168008567 -8.102784793
-64.262851541 -38.317281187 32.050124998 -34.294312365 -34.610843107 -30.715426059 -5.725806572 3.312615314 -6.504614178 8.476664289
62.611761093 -36.111973213 -5.787252939 36.223473272 65.028952658 -44.375433623 -7.122020144 2.997603430 -20.672720941 2.441600958
28.753634700 -33.263971229 15.591658959 -33.158949636 -45.620030182 -13.568247607 17.203574293 -12.568458973 3.296105353 10.058871074
26.119535390 90.685325710 -26.797401840 -17.410738953 3.097555654 -30.914423631 -35.029897718 14.851435159 39.018828821 27.244208128
-41.051865517 39.702145178 2.083882341 -33.842875678 23.919778591 6.613896563 26.613680431 -18.299903080 -10.739969811 -29.791887600
-3.779669453 63.065070543 -11.794441300 86.738407622 -40.981960626 -34.359989969 12.546757953 -18.866693989 24.211507112 -3.600256069
-25.938772194 55.207270657 -4.811791271 76.909933847 -17.198141434 -13.124833139 29.327288072 -9.211199929 -18.113013565 4.704641486
-2.220553217 -26.816618943 50.073204480 -38.974563663 -35.789553458 -19.053267014 19.159052592 0.330287059 -14.543282259 9.415806121
-51.935592337 56.855956494 5.221682018 -34.749342570 11.994463951 -23.732148836 -7.070506216 -19.724184042 -7.208227762 -19.206871955
-71.830159474 -4.723072106 73.523430183 3.741023750 23.458181462 15.739203993 -9.075646850 -14.428423819 4.638436666 -3.053028531
-73.428898263 -3.394786491 -1.317058507 6.587276324 -0.398896838 20.607156077 -18.841879622 15.754699314 -19.998479791 11.417935332
-50.980565277 -27.540979237 -5.170945034 54.018538649 -51.710946689 -19.453619502 8.411637655 -17.883018196 -20.356724047 14.371460643
-26.861478027 -39.718613679 35.021517278 -42.828310241 -31.701161839 -37.997641774 7.950959310 2.152866523 -9.318704015 7.010795215
128.112249160 -4.918732099 -6.175570606 6.260533095 -13.656314666 21.397948960 -13.948385609 -2.847088818 -1.875303935 -22.354213348
9.124433370 -50.790664512 0.335589728 11.499825566 98.512695073 -52.004663455 -4.692936054 -0.646466930 -22.541802106 15.033667317
158.716084481 -35.391020097 6.500728670 24.290941363 41.783355827 -30.217254554 -23.347946097 -13.228262956 -31.725369163 7.415539509
136.140415136 -35.054771939 4.809633977 17.890183158 54.500645987 -26.306880628 -12.562847073 -11.089927146 -23.027174789 6.764615178
-19.312469773 40.762255101 -8.711720585 -30.128531525 19.747272022 6.168966806 25.951761857 -17.133176485 0.318769767 -18.275269211
92.053892219 -21.381503481 -9.412008210 -0.886230934 3.230444097 18.120603598 4.669831897 1.226845119 12.524667768 -25.528427714
-16.028915440 -23.261265948 -23.161321227 66.525646483 66.598318266 -47.202271041 36.963666708 -17.030728457 7.794122978 33.669043067
-23.456579111 51.858719916 33.641260314 -21.357001976 0.180575725 3.927113561 7.727204548 -12.842415422 -23.346193982 -31.148768402
5.997338823 33.258646310 31.237470900 4.100814639 7.548956396 16.471415437 31.194661668 -4.184079629 0.177937946 -5.970892643
-21.008571005 -27.719598786 -11.328584189 -11.906234484 12.239920427 21.101126495 -7.768438171 -23.420621287 -0.974098643 -14.393946990
-76.138691032 -13.971642558 -55.527241071 17.648758110 -5.321317745 46.733305089 -16.757727681 -35.982828046 -18.951968500 12.570535145
8.214966371 -26.981349215 -19.824347827 12.581228480 18.901811093 0.735185538 26.264587255 0.669804591 7.328465917 -7.016508935
-51.832880013 -23.445254386 3.972208164 60.031205940 -61.254403555 -17.567624159 7.919648214 -20.561402063 -26.887051964 25.883643973
-41.538236630 47.550825998 12.495043900 -8.943327077 14.236873008 7.479485068 21.229998968 -14.180793776 -11.541676399 -32.807280148
-5.529987300 71.991909523 -19.156486610 -40.313082976 -1.122150442 -14.380959511 -30.694255857 -1.310627519 -20.500758096 10.718785160
-44.708766489 51.313607305 8.324247140 -51.937092870 26.063746597 -13.442222438 9.946515908 -27.131056724 -4.517839996 -16.705255112
0.615773845 1.382550370 -27.462940046 29.271697633 -32.403002644 -14.573589385 -7.829563471 -0.421965742 36.489424018 0.535032860
2.928372341 -28.795097673 39.321822915 -34.039897659 -34.555938384 -11.826378220 14.228881020 -6.952491684 -12.744688947 2.026514493
-23.565440773 -24.276015448 -11.012781067 1.869562410 -6.496431087 -20.568279854 -1.434928660 33.003450495 12.502293317 -8.617781222
251.289484546 6.294800123 55.478614412 19.389521729 -66.081985081 4.477528269 -20.229964731 -0.089343542 -22.175415843 32.909148839
-53.266744805 10.876607680 33.672764118 24.653177195 18.600585830 28.050496774 12.880933254 66.928803262 -22.879625647 12.675804284
-72.447279813 20.315137287 102.487459400 28.032234449 13.212617685 10.320904107 -52.828845574 -18.107399633 52.372070258 6.867921832
43.577999413 -11.317101553 28.373382424 -25.912525303 15.694383913 26.518027655 18.039769168 4.277356703 4.529071967 7.562318684
-37.768084738 -49.207674389 2.487170515 -32.761886309 -28.162608857 -27.671389196 -1.614774142 -4.965667988 -2.996692404 -0.430484597
105.205424828 -7.051540436 -12.983720665 17.290696473 -12.982457899 17.361393676 -19.531425967 -2.426591534 -3.031831294 -25.668404549
5.393826453 68.400255186 -19.217060335 5.154793260 24.323478859 -11.103965590 15.694076808 7.543009715 15.485652447 -4.796666177
-32.705220967 -41.867436022 37.908765891 -46.239345315 -30.365597769 -37.010518760 10.722058647 -1.110724804 -7.996835332 7.183531215
4.408293928 40.392681001 -4.836724541 -0.488171705 -1.372651955 4.295617729 26.672493152 -11.100157488 -8.821308925 -25.465540146
-35.531884574 -28.388532071 -40.914734292 22.769198489 -24.679247066 -22.766495431 -6.014406048 -1.462216924 34.310205120 -11.841529369
-51.880963397 -28.901508981 9.141007840 -39.859577423 -24.307749720 -13.157745432 -0.827544375 -18.237007835 -4.359995738 22.492025630
-18.350252963 60.136842099 -17.783227485 89.793791832 -39.238862246 -36.449202361 10.596977634 -20.739989102 20.050770968 -6.359632701
2.848830493 -38.959275423 10.360702430 -34.945864931 -31.385922258 -12.682081970 19.056327476 -10.437508487 2.113702014 5.883806749
3.153863756 -19.705316734 -16.552318602 -30.620417878 -8.975927509 1.598898021 9.039830411 9.815435659 9.589666382 2.842720344
-28.192127487 50.725508704 14.552459271 78.958999481 -18.488643539 -8.242131186 33.990927515 -16.028999729 -24.415159723 -2.529333250
122.596571433 -42.502612097 2.728106262 8.088945917 71.333727512 -25.005678041 -19.682729682 -8.830216339 -18.880693238 5.287915767
-31.018750539 -13.984012178 -21.514498363 28.543069563 7.099935477 -11.123836243 10.960837101 22.036491378 23.859575485 -22.889436095
13.682297767 -23.605160734 -5.777890684 -9.145113658 9.249692801 -7.722342400 0.929848779 -18.779193813 21.365075890 -19.175692203
55.148979837 -22.965306010 -17.861808639 -18.076810424 21.654016177 28.039322083 14.235448270 2.378922499 26.848447867 -1.614391054
-37.925575913 -10.523476856 12.745779580 30.356551310 3.416779182 12.242108964 10.824768242 46.548783439 -12.530413174 5.493010025
156.677311034 -37.015691768 4.975257050 24.721253370 44.292467757 -26.084364343 -26.030929082 -9.800605394 -25.458627527 4.306001026
53.118370945 -30.121341817 12.451748151 -19.502046219 18.654256628 -2.012661511 16.431872426 -30.262518412 19.232828271 -8.718043200
45.609940315 -25.273076958 -13.132649257 -11.120533052 -16.644083480 -2.048872500 2.888853290 12.087643952 11.297798852 -17.983299848
-37.931541200 -41.107065441 -18.376019699 -19.405020722 -6.715722199 -8.846002169 -3.547926586 18.315242626 10.272855217 -16.635238627
174.878921287 -9.042166702 8.140646746 15.729671586 -18.051729173 11.270117497 0.641005905 2.976675063 10.840701190 -9.383980565
-4.222401622 -17.611113822 -33.199463216 33.311411445 -36.239308581 -24.082782463 -8.824155748 3.534593142 36.514181979 -14.686879099
2.092715699 50.424814553 27.518754031 -14.298145671 -13.133269930 -6.060425686 1.777800284 -11.073818384 -17.516860484 -34.386494630
-43.245706342 -9.508359856 11.763299508 18.478487848 14.628838575 10.956790753 3.354211174 47.289698418 -6.994830427 9.295973499
-31.377564818 -28.510585102 -14.066449839 -11.670046132 16.019722194 9.919530121 -16.518063334 -16.330841164 2.248393128 -36.031797124
-7.568206823 48.694145506 -6.585957699 -33.958477121 14.792215951 7.083201058 16.718195272 -4.677020034 -11.050569823 -16.686754181
-44.245803693 -34.043011533 -2.028605137 -33.014840926 -16.586629238 -13.741668225 -4.114355544 -8.712677231 -6.530212675 5.720453401
-36.303717202 -23.728387131 -18.189952881 -9.026552771 15.865096358 10.678566752 -17.834111492 -20.325861290 -3.034781691 -30.048848809
-60.455073437 -25.471118744 -12.221251892 -13.664026782 -8.739660707 -7.780198394 -9.803733328 11.067697863 4.339820436 -13.657381216
-25.238344272 -23.427710834 26.508077990 -35.598245497 -28.694918877 -6.375059847 21.621500538 -19.011509994 -1.106466957 15.042955211
-52.131863732 2.935236571 -49.057270626 -1.803299435 -1.744978957 -0.065499893 -3.673094436 9.050467191 4.411798818 -18.344320114
56.320863100 3.831194995 -19.520745930 16.939002956 5.056559459 13.149908069 24.570891250 17.775020528 31.907901954 -0.304023605
-72.925566001 37.052308147 -12.619074453 -2.094808868 4.754297512 11.388757283 -19.038335851 30.182291647 -24.625305955 3.377626727
12.863685232 62.258281632 -29.409607700 -34.938298977 8.075622969 1.188393706 15.825816431 -8.558578712 1.347341685 5.643085880
154.587012146 -35.537882376 5.797907428 27.606981407 50.685335426 -33.705277103 -16.929317932 -15.908885941 -26.836325231 11.806317913
217.618899124 -15.661957426 10.447030529 38.856574597 -35.028604357 2.376166746 -56.122684291 18.452749526 -10.551180982 -17.237616838
22.919040654 -13.540758896 -25.948724924 -24.469999311 6.636517708 16.488222332 5.663589203 8.605545709 25.230585615 -1.931988362
-41.824614924 -7.448224686 48.936902999 9.368712446 10.933459433 1.801048587 10.439600991 6.064383838 -10.388269782 -23.178304459
-36.092390648 -39.982207740 14.037467810 -38.238233843 -31.771383430 -32.182714280 -5.050147961 5.285258149 -1.055172105 -0.193585874
10.998273155 1.088926772 7.672422495 14.090550393 15.877974009 9.366546336 36.373636772 49.856965353 12.007077759 7.080823125
-16.005032856 -23.491989482 4.083009940 -35.949506902 -5.566155677 2.349684845 4.472298326 0.641210326 0.781252546 -1.049248686
-47.963053820 27.619439897 104.856954259 38.523817862 -5.629125133 3.803445487 -61.352239033 -19.471362890 55.747839794 14.936736260
3.484256921 66.463340918 -18.122256159 91.817835831 -42.425117155 -37.881734981 11.716152207 -11.627337839 21.029289199 -5.415686012
-63.135270874 -2.054590063 12.566576854 22.217907416 -0.637096328 27.549323682 2.197863531 51.765106689 -25.668712743 15.301756051
-60.097225572 -12.998838804 -14.901697685 2.493657863 -20.506007692 -6.599615835 -5.874998978 15.855028870 -5.077381183 -4.804395339
7.769699147 55.610601796 -8.487074379 71.707980325 -25.811503236 -1.969254836 38.201022190 -23.865038694 -12.907313062 6.708811128
-51.694235307 -34.820913448 -9.467406054 4.927529002 17.853719813 -14.322333746 20.213872898 38.836757001 12.175487084 -10.438473510
-21.933216959 -35.495936475 20.945273208 -30.254253151 -41.272054970 -30.656863496 -3.143375049 4.033102027 -6.106817487 3.956906600
-76.864117296 -17.034673603 -3.354588115 17.834373038 10.419353696 -13.845383840 -6.719251983 21.179478939 12.011672256 -29.460656423
-39.930522720 -1.806846215 1.426503641 9.014317383 1.696749875 13.567180986 -13.389196626 13.668522540 -5.744948421 -1.316634185
-14.043146440 -17.407947468 9.141447991 12.941019726 17.684317028 -18.005210265 23.561372316 34.848279135 15.951312375 -17.702293842
6.132954105 89.718728039 -55.519475686 -38.104333835 13.502434280 -30.912837466 -44.781947378 22.916554543 9.431889404 38.478791758
41.803340928 73.019060523 -35.265568812 -38.573960690 -5.319126660 -18.900725063 -30.993810049 7.180785913 -4.337981996 22.695424033
-54.272021351 -5.229588037 -13.820409109 13.420862254 7.569957292 21.953161335 8.778223508 48.830795834 -8.266246238 7.034403383
28.591866552 57.877841199 12.556325623 -13.936578605 2.687298490 0.041861241 27.074716884 -10.652589463 13.317456045 -31.998507203
-2.568589057 -7.634666772 -51.072636257 29.304764681 -16.705267111 21.673025703 3.785147124 -22.316493587 6.408716082 -0.083936928
-56.777349766 -33.919007593 -0.480324740 -17.708181062 -9.296449767 -13.956932113 -7.516468008 5.000962670 0.773422436 -2.990049565
77.771841976 -23.672624366 30.619161604 -10.080801129 39.543917240 28.214414760 -1.713468650 22.001718617 31.879763498 -14.727192710
5.516049554 59.658890934 -2.923403646 -43.002561664 17.168760825 -1.586601412 16.465727412 -5.616105514 5.392093635 -18.899111849
-41.820771372 -29.201393889 -28.567082237 -4.371853310 13.330242216 9.589511783 -15.194848637 -13.304718859 8.495239564 -37.092382384
-1.282555745 77.670720805 -28.930835732 -57.398826961 7.902242106 -18.824315502 -39.120203402 -3.518351386 -15.239700534 24.052449986
-9.327927834 -3.255066663 -35.087291639 32.299263397 -37.052913131 -20.652457397 -15.554312239 -1.158168151 34.471834939 1.177939832
-78.541001792 21.266776282 103.898012333 35.362794246 6.564025220 0.702874957 -62.875797554 -10.493890229 42.243634357 16.683230834
-26.259689454 -41.425867623 33.507419038 -46.667900430 -28.836985151 -34.153171698 15.756625601 -2.468733526 -7.557540013 6.340809485
-45.618733976 22.946185298 99.896403056 28.967108964 5.098619078 13.715180282 -43.171718937 -19.182620165 54.914270082 8.225952084
150.573426542 4.898763771 26.594964077 23.556680265 -36.304089280 17.595453531 43.909917215 19.728573371 -5.993240062 23.755918280
-34.990658634 -42.130877490 17.706054708 -34.855373970 -40.637935064 -23.188292676 2.100716417 -18.506305577 -0.888388784 12.613437755
-15.345468377 66.986645524 -16.801371926 91.644998996 -33.715932261 -39.472602761 10.620892492 -12.813472096 23.781217032 -6.068081041
-38.067138081 -14.608926010 5.125398625 74.912340668 45.727704188 -26.208317329 53.663855704 -17.827079618 2.139240907 30.320727803
-12.663084875 -41.962564506 29.251026429 -45.127297471 -26.922981815 -35.349583282 12.955480847 -0.253995751 -5.014382130 5.822681052
40.614759905 -35.952883857 10.767212056 -35.958446128 -28.570492760 -5.544201438 10.210491716 -1.322068766 1.243234948 0.414551514
24.985303679 -1.146761324 18.829222522 21.628426216 -4.851512383 20.338452229 23.289135830 33.021383599 -3.006176064 4.003507611
-19.126353177 -8.453995494 23.605263582 44.271177715 18.247794250 13.968279170 2.885673637 33.269920204 18.134649792 -2.227723303
139.052548455 -9.013428923 -1.539396292 6.479327754 -17.737778697 24.596979716 0.561125548 -0.783747521 8.984657886 -11.283653432
91.522694505 -24.793161530 -2.823867303 12.873110977 17.557906089 -1.717525492 -13.549095377 -1.468180528 -1.446484873 -22.176809961
75.524207468 -36.114684450 -4.077331577 32.860502251 64.258283320 -45.505895298 -7.432022975 1.320097295 -23.422669951 4.042789212
-32.362430586 -7.574171916 21.758979196 31.750059320 -5.791728427 3.989894780 0.664575226 35.896128629 -22.701878348 -3.499618141
-62.229698564 -20.391919469 -52.428371450 0.754575311 -3.511493657 23.805310922 -28.602550448 -9.831462415 -8.350592363 -10.822925265
-38.697044369 -11.622652431 35.743269322 -5.439644024 -27.304175793 8.525089763 -3.159349922 -12.417095491 -14.239122684 -6.527457801
-45.330096892 39.928827925 69.259430181 2.381014754 9.769257655 8.387022384 1.316628067 -6.172842295 -35.238292118 -4.877017966
-55.432153989 -3.261131047 -36.284708922 -2.047305024 3.594692600 23.344311572 1.668040218 13.087142268 -7.401729246 1.122892419
18.336572741 56.227147199 -40.879886479 -38.899317476 8.682139270 -3.575223877 -15.756277810 2.112944995 -3.532723855 13.317107070
-56.276166826 -18.721041710 18.385974013 21.486148925 -4.224930091 21.054136109 -0.140350783 23.220613286 -24.538014122 8.795734399
-59.885319775 -30.523341031 -26.119231923 -23.926864100 -14.698207090 -16.989275582 -21.719366954 3.241463181 1.176517568 -14.158453906
-48.988100046 -46.274361336 10.746549065 -33.566981625 -35.785731710 -24.108955075 5.753374272 -16.581471881 2.599929484 12.354812589
106.545871424 -46.259644218 -5.611873806 15.737692525 66.952856031 -25.115212717 -12.361245202 -19.222578870 -24.103328377 8.040870004
90.233160087 -44.746914503 -7.542724705 26.462543422 68.357992507 -46.056056123 -25.475151026 -16.255280952 -34.296290225 10.559236812
175.266897421 -13.098612457 8.840994251 8.319008016 -20.828661514 19.069835996 -6.701217745 2.878590172 8.235082082 -17.112224651
70.626471380 22.701442053 43.041717305 5.668436641 -2.433226227 22.635989462 15.995706450 -1.342605853 -23.544011375 -23.610110677
31.920941177 21.221811530 38.702288303 -1.378953269 29.719543279 14.228904583 21.367179574 8.797614281 -11.619930178 -22.599422836
143.466970560 -32.879046720 11.014118320 -41.455141267 21.966014934 40.477279326 22.222598573 -18.171433318 21.388347431 1.357852307
-78.370895935 -15.099163923 -44.793377745 30.808499415 -13.536681676 46.526338555 -16.245655050 -36.623583804 -16.314583615 9.014130935
-17.040297178 -1.473656784 -1.746378649 2.790274844 -18.982857604 17.324997571 2.506104882 24.614118840 -0.018515225 17.725912871
-19.619537722 -32.298935278 42.897264860 -41.551732530 -30.734846132 -26.244905596 17.976609581 0.405226960 -11.340890513 8.344041511
33.278538926 59.326826646 -23.557774845 -35.091943498 -0.745224142 -0.753086668 13.264270875 -13.115024480 5.655043778 16.685674667
-38.675004384 -43.698113178 13.726519368 -35.602212854 -38.718132968 -32.812368743 -7.435385357 -1.387452242 -2.968347060 4.870635955
-63.845312417 -11.197675841 33.432472625 5.915704433 6.499973662 17.646029184 -3.273140235 34.235220922 -14.679659750 11.408395746
-11.164187980 -43.160306440 28.149630571 -45.555538247 -26.465467429 -35.568597010 12.635663532 -0.637470994 -4.410304590 4.945228405
69.655522603 -13.676262692 4.816679395 -2.606144164 -10.530906381 15.106063137 -1.043994458 -17.386119687 -7.374050446 -22.977289265
-73.298826219 -5.154887932 64.726866716 8.085254584 24.980357182 15.041751601 -7.203610575 -10.114647026 6.563512785 -1.996344441
-61.522057909 -29.264992707 -6.058494395 25.628128622 5.469661360 -27.133525672 -15.580519745 26.012788820 -10.043622246 -21.699543250
-4.222401622 -17.611113822 -33.199463216 33.311411445 -36.239308581 -24.082782463 -8.824155748 3.534593142 36.514181979 -14.686879099
-25.026307909 -18.554946831 -27.081192747 14.239475272 5.452091020 10.527858153 8.466592762 33.652865471 7.011384289 -8.559027628
255.275835046 -11.778354726 34.518239389 21.239346870 -37.332437649 15.940592610 -20.898972776 -2.202429379 -8.132107864 -5.786736455
76.723100999 -14.882391297 30.137832588 8.068228138 27.741100988 21.069208023 -15.443498986 28.693376476 33.731268006 -21.033332258
54.245500471 -23.609634857 -21.494203649 -2.264034957 0.910793227 -3.411841083 5.861968457 16.777181750 26.688491695 -16.505157364
47.004899475 -45.344787116 -8.373445318 -29.568601926 4.462064577 1.560050616 -6.407126922 -3.971847899 17.260514914 -20.509854599
-34.709277173 49.730134671 19.539904601 84.748994765 -21.367501120 -7.957704968 31.582225512 -16.640327994 -30.404692762 -0.681473885
-18.767761716 -22.433997826 22.162610979 -42.758493359 -22.024336806 -9.641353287 13.694325900 -12.117388222 -0.208889300 16.452528529
39.317856195 -32.228691671 -20.641516424 -35.780855591 8.668967735 18.132576716 -11.470508954 11.894064603 27.444440914 9.436145128
92.018269275 29.802664373 42.779013433 -4.498449738 0.809170439 11.909587880 18.516921833 -8.129427906 3.406334049 7.786348874
-23.980500338 58.817266561 -5.262078929 -12.640844042 12.038212780 2.026821267 1.360265012 -1.419678614 -11.116732811 -9.145184815
-14.668119732 -40.506763821 32.740049655 -45.286662718 -24.928523752 -32.851591908 14.778977204 1.803591003 -4.621250274 5.773748220
-49.446585494 43.717589562 71.508889586 -6.331189948 25.882962104 20.784375428 15.191171444 -7.902628470 -35.420059785 -10.905848050
-33.611268552 -9.159799880 3.634001453 32.591010353 5.463627477 6.737826051 14.580158392 21.058117532 -11.261625251 -8.489829326
-34.385542054 -4.412357157 -45.399238350 13.613033670 -30.537292369 32.616462268 -18.092941710 -21.260236904 -27.125291288 14.335020708
26.619632938 48.333586924 9.901524586 -39.570475220 9.668694403 15.063344772 32.116095819 -18.248478721 -5.034996917 -25.936605302
27.291047458 -37.427412716 24.299732693 -39.389144104 -39.927753858 -30.262239841 9.623617139 -2.159351701 -7.501109856 7.035090897
43.853722428 -55.468453206 -7.340964255 12.404177774 94.642610124 -40.184588478 -11.654209292 -25.684856337 -31.421915371 14.483713195
183.959772329 -19.328303452 3.906150354 23.141535875 -21.582175907 -0.962129308 -26.981062031 6.666289187 -7.584514875 -11.945164536
-21.462116503 52.618131443 18.184359677 -17.617613536 5.295744312 4.995164322 11.323394661 -12.797311120 -21.445367881 -25.795065778
-12.279913235 20.605972977 -34.381374422 -2.684090954 3.006441054 12.043713532 5.378925092 30.022985733 -3.710797193 11.058799575
74.831130624 57.914719892 -3.338300113 -24.027050161 -12.061235897 3.912725032 5.655469437 0.672758778 7.434980004 -5.905592471
-13.334088984 -27.790261201 49.082360251 -37.660661084 -37.887883013 -22.604488938 14.453161105 1.564446006 -17.268726536 10.197079263
140.568672890 -39.920122326 5.759781864 21.857867874 53.171397477 -28.263951412 -19.130859907 -12.148847958 -26.512772074 4.815173158
-42.983902191 -33.550410225 -14.663164264 26.108961677 -48.200812547 -34.256606908 -5.110189336 -7.534819013 1.238209879 -0.690204236
16.438681379 -6.403948099 7.893325333 -4.422025198 -8.842120424 20.553285050 17.580550939 31.382280931 -1.018000333 11.949242394
-93.737269784 -14.811050611 -18.431727523 51.426554302 -6.281255731 24.201227237 -10.166119146 -11.528710887 -32.982327425 1.844446616
38.052963710 -6.666864671 -30.524600497 -18.269603448 22.136559262 56.759998376 8.338639345 -17.968564446 38.303318812 41.235127400
-18.001320614 46.170206702 18.157999627 -7.228258823 15.593555463 8.761676724 31.491819020 -9.328704295 -6.987436527 -29.695151691
