0.950800
0.953000
0.951400
0.956600
0.958400
0.960400
0.957400
0.958800
0.960600
0.965600
0.966400
0.964800
0.968200
0.968600
0.968400
0.968600
0.968400
0.969200
0.970400
0.969400
0.970800
0.972800
0.971000
0.969800
0.971400
0.971600
0.973600
0.972200
0.975600
0.971800
0.974400
0.974200
0.975600
0.976600
0.976200
0.975200
0.975000
0.976000
0.975600
0.977000
0.976000
0.974600
0.976400
0.976200
0.978400
0.976800
0.976800
0.976400
0.978800
0.976200
0.977200
0.977600
0.979000
0.977000
0.978800
0.978400
0.979600
0.978800
0.978800
0.977800
0.978200
0.979400
0.978200
0.978000
0.977800
0.978400
0.979800
0.979200
0.979800
0.978200
0.978600
0.978600
0.978600
0.978600
0.979600
0.981600
0.980400
0.978800
0.980400
0.980600
0.979600
0.981400
0.981200
0.978600
0.981200
0.980800
0.982200
0.981000
0.980400
0.981000
0.979600
0.980800
0.979600
0.979600
0.980000
0.981600
0.980000
0.980400
0.980200
0.979800
0.982200
0.980800
0.983200
0.981000
0.980000
0.981200
0.979600
0.982200
0.981800
0.982200
0.981600
0.981800
0.982400
0.982000
0.982400
0.981600
0.981200
0.981200
0.980800
0.981800
0.981400
0.982600
0.981600
0.979400
0.982800
0.981600
0.981200
0.980400
0.977600
0.981400
0.980600
0.982000
0.982200
0.980800
0.981800
0.981000
0.981800
0.980400
0.979800
0.982600
0.980200
0.980400
0.983000
0.981000
0.981400
0.980600
0.981600
0.982800
0.982800
0.979400
0.979200
0.981200
0.981800
0.981200
0.981600
0.981600
0.982800
0.981200
0.982600
0.983000
0.983600
0.982600
0.981200
0.981600
0.983000
0.981600
0.982400
0.982600
0.982400
0.982400
0.984200
0.981600
0.982000
0.983000
0.982800
0.983000
0.980800
0.984600
0.981800
0.981400
0.983200
0.982400
0.982000
0.982200
0.981800
0.983200
0.982800
0.983800
0.983800
0.983800
0.983600
0.984000
0.983800
0.981600
0.983800
0.982200
0.980800
0.982600
0.983000
0.981800
