0.956800
0.963400
0.966800
0.968600
0.960000
0.970200
0.969400
0.968800
0.971200
0.972600
0.975400
0.973000
0.974000
0.976400
0.975600
0.971400
0.974400
0.978400
0.976400
0.980000
0.979400
0.980000
0.977000
0.975800
0.981400
0.978400
0.980400
0.982800
0.983200
0.982200
0.982600
0.980800
0.985600
0.982000
0.985200
0.983200
0.984600
0.984400
0.982200
0.982800
0.983400
0.986200
0.985400
0.984200
0.986400
0.983600
0.985200
0.985800
0.986200
0.985000
0.985200
0.987000
0.986400
0.984000
0.986000
0.984800
0.986000
0.987800
0.985200
0.987400
0.985200
0.985600
0.985400
0.987200
0.986600
0.986800
0.987600
0.987200
0.982200
0.987200
0.989000
0.987600
0.986000
0.984400
0.988000
0.987200
0.986800
0.988800
0.988800
0.986600
0.988800
0.989000
0.987400
0.985600
0.988200
0.987800
0.987800
0.988400
0.984800
0.986000
0.989000
0.988600
0.987200
0.988200
0.989000
0.988200
0.987600
0.989200
0.988400
0.987600
0.987400
0.990200
0.989400
0.990000
0.987800
0.985800
0.989600
0.988400
0.988600
0.987800
0.987600
0.990000
0.989600
0.989600
0.988200
0.989600
0.983800
0.988200
0.984000
0.988200
0.988400
0.988400
0.989600
0.989200
0.988200
0.988600
0.983600
0.990200
0.988800
0.990000
0.990200
0.989200
0.989800
0.987800
0.988400
0.987200
0.986200
0.988800
0.990200
0.989800
0.988800
0.989200
0.989800
0.989200
0.988800
0.990600
0.988600
0.989400
0.988400
0.988000
0.989600
0.989200
0.990400
0.988800
0.989600
0.988600
0.989000
0.990600
0.991600
0.989600
0.990000
0.988800
0.990800
0.989600
0.990400
0.990600
0.989800
0.990400
0.988000
0.988000
0.990200
0.989400
0.987800
0.988200
0.988800
0.989200
0.989600
0.990000
0.990400
0.989400
0.991800
0.991000
0.991200
0.988000
0.990200
0.989800
0.990400
0.990200
0.987000
0.989000
0.989600
0.988600
0.990200
0.990600
0.990400
0.989000
0.990200
0.989000
0.990800
0.990400
