0.948800
0.953600
0.955000
0.962800
0.958800
0.961200
0.963800
0.969800
0.967600
0.968400
0.970000
0.965400
0.969600
0.974000
0.971600
0.975800
0.971000
0.977000
0.969400
0.977200
0.977600
0.976400
0.973000
0.975000
0.979000
0.978200
0.979200
0.981200
0.981000
0.975600
0.980000
0.980600
0.979000
0.981400
0.982400
0.982400
0.980400
0.980000
0.981800
0.980000
0.981400
0.983600
0.985400
0.981400
0.981800
0.983200
0.982800
0.984000
0.983600
0.985000
0.984600
0.985600
0.982400
0.985000
0.981800
0.985400
0.984400
0.986200
0.985200
0.983600
0.985000
0.987000
0.985800
0.981200
0.985400
0.986400
0.987600
0.986200
0.984000
0.983800
0.985600
0.983400
0.984800
0.985400
0.984800
0.985200
0.986400
0.985000
0.987800
0.986400
0.986200
0.984600
0.983800
0.981600
0.985600
0.985600
0.987000
0.987200
0.981800
0.987200
0.986200
0.987000
0.985800
0.987200
0.985600
0.986800
0.986000
0.985600
0.988000
0.987200
0.987400
0.985800
0.989600
0.986200
0.985000
0.986600
0.986200
0.987000
0.986400
0.987000
0.988000
0.985800
0.987400
0.986800
0.987000
0.987200
0.985200
0.988800
0.988800
0.984800
0.988200
0.987600
0.987400
0.986600
0.985000
0.988400
0.987600
0.986000
0.986600
0.988000
0.985800
0.988200
0.986800
0.987400
0.988200
0.989400
0.988800
0.985200
0.987400
0.988600
0.987800
0.988800
0.989000
0.989000
0.988400
0.987800
0.989000
0.990200
0.987200
0.987200
0.987000
0.987400
0.989000
0.986200
0.988800
0.988000
0.986800
0.987400
0.989400
0.987600
0.988200
0.988800
0.986200
0.988000
0.987400
0.987800
0.987000
0.988200
0.989200
0.989600
0.986600
0.985800
0.987200
0.988000
0.989000
0.986600
0.987400
0.984800
0.985600
0.989200
0.989600
0.985800
0.987600
0.989200
0.988000
0.988000
0.987800
0.989400
0.988600
0.988600
0.990600
0.990000
0.988200
0.989200
0.985200
0.985600
0.988600
0.989200
0.989200
0.987400
